14:23:33.574 INFO com.slzs.word.WordFactory:223 加载Word模板....
14:23:34.337 INFO com.slzs.word.WordFactory:236 clone WordTmplate to ByteArrayOutputStream..
14:23:34.618 DEBUG com.slzs.word.process.MarkAnalyzer:52 梳理文档${标记}开始...
14:23:34.641 DEBUG com.slzs.word.process.MarkAnalyzer:72 梳理文档${标记}结束...
14:23:34.644 INFO com.slzs.word.WordFactory:153 开始填充段落标记数据....
14:23:34.878 DEBUG com.slzs.word.process.MarkAnalyzer:221 清理文档${标记} 清理前:${hot0.doc#next}
14:23:34.879 DEBUG com.slzs.word.process.MarkAnalyzer:242 清理文档${标记} 清理后:
14:23:34.881 DEBUG com.slzs.word.process.MarkAnalyzer:221 清理文档${标记} 清理前:${hot0.doc#next}
14:23:34.882 DEBUG com.slzs.word.process.MarkAnalyzer:242 清理文档${标记} 清理后:
14:23:34.884 DEBUG com.slzs.word.process.MarkAnalyzer:221 清理文档${标记} 清理前:${hot#next}
14:23:34.885 DEBUG com.slzs.word.process.MarkAnalyzer:242 清理文档${标记} 清理后:
14:23:34.886 DEBUG com.slzs.word.process.MarkAnalyzer:221 清理文档${标记} 清理前:${hot1.doc#next}
14:23:34.887 DEBUG com.slzs.word.process.MarkAnalyzer:242 清理文档${标记} 清理后:
14:23:34.889 DEBUG com.slzs.word.process.MarkAnalyzer:221 清理文档${标记} 清理前:${hot1.doc#next}
14:23:34.890 DEBUG com.slzs.word.process.MarkAnalyzer:242 清理文档${标记} 清理后:
14:23:34.894 INFO com.slzs.word.WordFactory:171 创建Word文件：/E:/slzs/eclipse/ws/word-template/target/test-classes/report/hotReport_9587.docx
14:23:35.076 INFO com.slzs.word.WordFactory:204 word处理成功...耗时：1.49367987E12s
14:23:35.077 INFO com.slzs.word.WordFactory:223 加载Word模板....
14:23:35.147 INFO com.slzs.word.WordFactory:236 clone WordTmplate to ByteArrayOutputStream..
14:23:35.275 DEBUG com.slzs.word.process.MarkAnalyzer:52 梳理文档${标记}开始...
14:23:35.282 DEBUG com.slzs.word.process.MarkAnalyzer:72 梳理文档${标记}结束...
14:23:35.283 INFO com.slzs.word.WordFactory:153 开始填充段落标记数据....
14:23:35.294 DEBUG com.slzs.word.process.MarkAnalyzer:221 清理文档${标记} 清理前:                                
14:23:35.295 DEBUG com.slzs.word.process.MarkAnalyzer:242 清理文档${标记} 清理后:                                
14:23:35.298 DEBUG com.slzs.word.process.MarkAnalyzer:221 清理文档${标记} 清理前:${createDate}
14:23:35.299 DEBUG com.slzs.word.process.MarkAnalyzer:242 清理文档${标记} 清理后:
14:23:35.541 INFO com.slzs.word.WordFactory:171 创建Word文件：/E:/slzs/eclipse/ws/word-template/target/test-classes/report/ubb_2826.docx
14:23:35.638 INFO com.slzs.word.WordFactory:204 word处理成功...耗时：1.49367987E12s
14:23:35.696 INFO com.slzs.word.WordTemplateFactory:154 创建Word ByteArrayOutputStream..
14:23:35.989 INFO com.slzs.word.WordFactory:223 加载Word模板....
14:23:36.042 INFO com.slzs.word.WordFactory:236 clone WordTmplate to ByteArrayOutputStream..
14:23:36.124 DEBUG com.slzs.word.process.MarkAnalyzer:52 梳理文档${标记}开始...
14:23:36.127 DEBUG com.slzs.word.process.MarkAnalyzer:72 梳理文档${标记}结束...
14:23:36.128 INFO com.slzs.word.WordFactory:153 开始填充段落标记数据....
14:23:36.157 DEBUG com.slzs.word.process.MarkAnalyzer:221 清理文档${标记} 清理前:${hottest:rows}
14:23:36.158 DEBUG com.slzs.word.process.MarkAnalyzer:242 清理文档${标记} 清理后:
14:23:36.158 DEBUG com.slzs.word.process.MarkAnalyzer:221 清理文档${标记} 清理前:
14:23:36.159 DEBUG com.slzs.word.process.MarkAnalyzer:242 清理文档${标记} 清理后:
14:23:36.160 DEBUG com.slzs.word.process.MarkAnalyzer:221 清理文档${标记} 清理前:
14:23:36.161 DEBUG com.slzs.word.process.MarkAnalyzer:242 清理文档${标记} 清理后:
14:23:36.162 DEBUG com.slzs.word.process.MarkAnalyzer:221 清理文档${标记} 清理前:${hottest.price}
14:23:36.162 DEBUG com.slzs.word.process.MarkAnalyzer:242 清理文档${标记} 清理后:
14:23:36.163 DEBUG com.slzs.word.process.MarkAnalyzer:221 清理文档${标记} 清理前:
14:23:36.163 DEBUG com.slzs.word.process.MarkAnalyzer:242 清理文档${标记} 清理后:
14:23:36.164 DEBUG com.slzs.word.process.MarkAnalyzer:221 清理文档${标记} 清理前:
14:23:36.164 DEBUG com.slzs.word.process.MarkAnalyzer:242 清理文档${标记} 清理后:
14:23:36.165 DEBUG com.slzs.word.process.MarkAnalyzer:221 清理文档${标记} 清理前:${hottest:rows}
14:23:36.166 DEBUG com.slzs.word.process.MarkAnalyzer:242 清理文档${标记} 清理后:
14:23:36.167 DEBUG com.slzs.word.process.MarkAnalyzer:221 清理文档${标记} 清理前:
14:23:36.167 DEBUG com.slzs.word.process.MarkAnalyzer:242 清理文档${标记} 清理后:
14:23:36.168 DEBUG com.slzs.word.process.MarkAnalyzer:221 清理文档${标记} 清理前:
14:23:36.168 DEBUG com.slzs.word.process.MarkAnalyzer:242 清理文档${标记} 清理后:
14:23:36.169 DEBUG com.slzs.word.process.MarkAnalyzer:221 清理文档${标记} 清理前:${hottest.price}
14:23:36.169 DEBUG com.slzs.word.process.MarkAnalyzer:242 清理文档${标记} 清理后:
14:23:36.170 DEBUG com.slzs.word.process.MarkAnalyzer:221 清理文档${标记} 清理前:
14:23:36.171 DEBUG com.slzs.word.process.MarkAnalyzer:242 清理文档${标记} 清理后:
14:23:36.171 DEBUG com.slzs.word.process.MarkAnalyzer:221 清理文档${标记} 清理前:
14:23:36.172 DEBUG com.slzs.word.process.MarkAnalyzer:242 清理文档${标记} 清理后:
14:23:36.172 DEBUG com.slzs.word.process.MarkAnalyzer:221 清理文档${标记} 清理前:${hottest:rows}
14:23:36.176 DEBUG com.slzs.word.process.MarkAnalyzer:242 清理文档${标记} 清理后:
14:23:36.176 DEBUG com.slzs.word.process.MarkAnalyzer:221 清理文档${标记} 清理前:
14:23:36.177 DEBUG com.slzs.word.process.MarkAnalyzer:242 清理文档${标记} 清理后:
14:23:36.178 DEBUG com.slzs.word.process.MarkAnalyzer:221 清理文档${标记} 清理前:
14:23:36.179 DEBUG com.slzs.word.process.MarkAnalyzer:242 清理文档${标记} 清理后:
14:23:36.184 DEBUG com.slzs.word.process.MarkAnalyzer:221 清理文档${标记} 清理前:${hottest.price}
14:23:36.185 DEBUG com.slzs.word.process.MarkAnalyzer:242 清理文档${标记} 清理后:
14:23:36.185 DEBUG com.slzs.word.process.MarkAnalyzer:221 清理文档${标记} 清理前:
14:23:36.186 DEBUG com.slzs.word.process.MarkAnalyzer:242 清理文档${标记} 清理后:
14:23:36.187 DEBUG com.slzs.word.process.MarkAnalyzer:221 清理文档${标记} 清理前:
14:23:36.187 DEBUG com.slzs.word.process.MarkAnalyzer:242 清理文档${标记} 清理后:
14:23:36.188 INFO com.slzs.word.WordFactory:171 创建Word文件：/E:/slzs/eclipse/ws/word-template/target/test-classes/report/hottest_9605.docx
14:23:36.265 INFO com.slzs.word.WordFactory:204 word处理成功...耗时：1.49367987E12s
14:23:36.266 INFO com.slzs.word.WordFactory:223 加载Word模板....
14:23:36.349 INFO com.slzs.word.WordFactory:236 clone WordTmplate to ByteArrayOutputStream..
14:23:36.483 DEBUG com.slzs.word.process.MarkAnalyzer:52 梳理文档${标记}开始...
14:23:36.496 DEBUG com.slzs.word.process.MarkAnalyzer:72 梳理文档${标记}结束...
14:23:36.497 INFO com.slzs.word.WordFactory:153 开始填充段落标记数据....
14:23:36.574 DEBUG com.slzs.word.WordFactory:271 生成Word临时文件:C:\Users\cxz\AppData\Local\Temp\rpt_reload_6856578114343077909.docx
14:23:36.740 DEBUG com.slzs.word.process.MarkAnalyzer:52 梳理文档${标记}开始...
14:23:36.745 DEBUG com.slzs.word.process.MarkAnalyzer:72 梳理文档${标记}结束...
14:23:37.076 DEBUG com.slzs.word.WordFactory:271 生成Word临时文件:C:\Users\cxz\AppData\Local\Temp\rpt_reload_8781525236246602003.docx
14:23:37.255 DEBUG com.slzs.word.process.MarkAnalyzer:52 梳理文档${标记}开始...
14:23:37.259 DEBUG com.slzs.word.process.MarkAnalyzer:72 梳理文档${标记}结束...
14:23:37.326 DEBUG com.slzs.word.WordFactory:271 生成Word临时文件:C:\Users\cxz\AppData\Local\Temp\rpt_reload_8481588866632579780.docx
14:23:37.512 DEBUG com.slzs.word.process.MarkAnalyzer:52 梳理文档${标记}开始...
14:23:37.516 DEBUG com.slzs.word.process.MarkAnalyzer:72 梳理文档${标记}结束...
14:23:37.552 DEBUG com.slzs.word.WordFactory:271 生成Word临时文件:C:\Users\cxz\AppData\Local\Temp\rpt_reload_2996484375344107131.docx
14:23:37.695 DEBUG com.slzs.word.process.MarkAnalyzer:52 梳理文档${标记}开始...
14:23:37.699 DEBUG com.slzs.word.process.MarkAnalyzer:72 梳理文档${标记}结束...
14:23:37.711 DEBUG com.slzs.word.process.MarkAnalyzer:221 清理文档${标记} 清理前:${hot#next}
14:23:37.713 DEBUG com.slzs.word.process.MarkAnalyzer:242 清理文档${标记} 清理后:
14:23:37.715 DEBUG com.slzs.word.process.MarkAnalyzer:221 清理文档${标记} 清理前:${hot#next}
14:23:37.715 DEBUG com.slzs.word.process.MarkAnalyzer:242 清理文档${标记} 清理后:
14:23:37.716 DEBUG com.slzs.word.process.MarkAnalyzer:221 清理文档${标记} 清理前:时间：
14:23:37.717 DEBUG com.slzs.word.process.MarkAnalyzer:242 清理文档${标记} 清理后:时间：
14:23:37.717 DEBUG com.slzs.word.process.MarkAnalyzer:221 清理文档${标记} 清理前:${hot.pubDate}
14:23:37.717 DEBUG com.slzs.word.process.MarkAnalyzer:242 清理文档${标记} 清理后:
14:23:37.718 DEBUG com.slzs.word.process.MarkAnalyzer:221 清理文档${标记} 清理前:
14:23:37.718 DEBUG com.slzs.word.process.MarkAnalyzer:242 清理文档${标记} 清理后:
14:23:37.719 DEBUG com.slzs.word.process.MarkAnalyzer:221 清理文档${标记} 清理前:
14:23:37.719 DEBUG com.slzs.word.process.MarkAnalyzer:242 清理文档${标记} 清理后:
14:23:37.720 DEBUG com.slzs.word.process.MarkAnalyzer:221 清理文档${标记} 清理前: 
14:23:37.720 DEBUG com.slzs.word.process.MarkAnalyzer:242 清理文档${标记} 清理后: 
14:23:37.721 DEBUG com.slzs.word.process.MarkAnalyzer:221 清理文档${标记} 清理前:来源：
14:23:37.721 DEBUG com.slzs.word.process.MarkAnalyzer:242 清理文档${标记} 清理后:来源：
14:23:37.722 DEBUG com.slzs.word.process.MarkAnalyzer:221 清理文档${标记} 清理前:${hot.source}
14:23:37.723 DEBUG com.slzs.word.process.MarkAnalyzer:242 清理文档${标记} 清理后:
14:23:37.723 DEBUG com.slzs.word.process.MarkAnalyzer:221 清理文档${标记} 清理前:
14:23:37.724 DEBUG com.slzs.word.process.MarkAnalyzer:242 清理文档${标记} 清理后:
14:23:37.724 DEBUG com.slzs.word.process.MarkAnalyzer:221 清理文档${标记} 清理前:
14:23:37.725 DEBUG com.slzs.word.process.MarkAnalyzer:242 清理文档${标记} 清理后:
14:23:37.726 DEBUG com.slzs.word.process.MarkAnalyzer:221 清理文档${标记} 清理前:链接：
14:23:37.726 DEBUG com.slzs.word.process.MarkAnalyzer:242 清理文档${标记} 清理后:链接：
14:23:37.727 DEBUG com.slzs.word.process.MarkAnalyzer:221 清理文档${标记} 清理前:${hot.link}
14:23:37.727 DEBUG com.slzs.word.process.MarkAnalyzer:242 清理文档${标记} 清理后:
14:23:37.728 DEBUG com.slzs.word.process.MarkAnalyzer:221 清理文档${标记} 清理前:
14:23:37.728 DEBUG com.slzs.word.process.MarkAnalyzer:242 清理文档${标记} 清理后:
14:23:37.729 DEBUG com.slzs.word.process.MarkAnalyzer:221 清理文档${标记} 清理前:
14:23:37.729 DEBUG com.slzs.word.process.MarkAnalyzer:242 清理文档${标记} 清理后:
14:23:37.729 DEBUG com.slzs.word.process.MarkAnalyzer:221 清理文档${标记} 清理前:摘要：
14:23:37.730 DEBUG com.slzs.word.process.MarkAnalyzer:242 清理文档${标记} 清理后:摘要：
14:23:37.731 DEBUG com.slzs.word.process.MarkAnalyzer:221 清理文档${标记} 清理前:${hot.description}
14:23:37.732 DEBUG com.slzs.word.process.MarkAnalyzer:242 清理文档${标记} 清理后:
14:23:37.734 DEBUG com.slzs.word.process.MarkAnalyzer:221 清理文档${标记} 清理前:
14:23:37.735 DEBUG com.slzs.word.process.MarkAnalyzer:242 清理文档${标记} 清理后:
14:23:37.735 DEBUG com.slzs.word.process.MarkAnalyzer:221 清理文档${标记} 清理前:
14:23:37.736 DEBUG com.slzs.word.process.MarkAnalyzer:242 清理文档${标记} 清理后:
14:23:37.737 DEBUG com.slzs.word.process.MarkAnalyzer:221 清理文档${标记} 清理前:全局
14:23:37.757 DEBUG com.slzs.word.process.MarkAnalyzer:242 清理文档${标记} 清理后:全局
14:23:37.757 DEBUG com.slzs.word.process.MarkAnalyzer:221 清理文档${标记} 清理前:图：
14:23:37.758 DEBUG com.slzs.word.process.MarkAnalyzer:242 清理文档${标记} 清理后:图：
14:23:37.759 DEBUG com.slzs.word.process.MarkAnalyzer:221 清理文档${标记} 清理前:
14:23:37.759 DEBUG com.slzs.word.process.MarkAnalyzer:242 清理文档${标记} 清理后:
14:23:37.760 DEBUG com.slzs.word.process.MarkAnalyzer:221 清理文档${标记} 清理前:
14:23:37.760 DEBUG com.slzs.word.process.MarkAnalyzer:242 清理文档${标记} 清理后:
14:23:37.761 DEBUG com.slzs.word.process.MarkAnalyzer:221 清理文档${标记} 清理前:
14:23:37.761 DEBUG com.slzs.word.process.MarkAnalyzer:242 清理文档${标记} 清理后:
14:23:37.761 DEBUG com.slzs.word.process.MarkAnalyzer:221 清理文档${标记} 清理前:
14:23:37.762 DEBUG com.slzs.word.process.MarkAnalyzer:242 清理文档${标记} 清理后:
14:23:37.762 DEBUG com.slzs.word.process.MarkAnalyzer:221 清理文档${标记} 清理前:
14:23:37.762 DEBUG com.slzs.word.process.MarkAnalyzer:242 清理文档${标记} 清理后:
14:23:37.763 DEBUG com.slzs.word.process.MarkAnalyzer:221 清理文档${标记} 清理前: 
14:23:37.763 DEBUG com.slzs.word.process.MarkAnalyzer:242 清理文档${标记} 清理后: 
14:23:37.763 DEBUG com.slzs.word.process.MarkAnalyzer:221 清理文档${标记} 清理前:–
14:23:37.764 DEBUG com.slzs.word.process.MarkAnalyzer:242 清理文档${标记} 清理后:–
14:23:37.764 DEBUG com.slzs.word.process.MarkAnalyzer:221 清理文档${标记} 清理前:迭代图：
14:23:37.765 DEBUG com.slzs.word.process.MarkAnalyzer:242 清理文档${标记} 清理后:迭代图：
14:23:37.765 DEBUG com.slzs.word.process.MarkAnalyzer:221 清理文档${标记} 清理前: 
14:23:37.766 DEBUG com.slzs.word.process.MarkAnalyzer:242 清理文档${标记} 清理后: 
14:23:37.767 DEBUG com.slzs.word.process.MarkAnalyzer:221 清理文档${标记} 清理前:${hot.image}
14:23:37.767 DEBUG com.slzs.word.process.MarkAnalyzer:242 清理文档${标记} 清理后:
14:23:37.767 DEBUG com.slzs.word.process.MarkAnalyzer:221 清理文档${标记} 清理前:
14:23:37.768 DEBUG com.slzs.word.process.MarkAnalyzer:242 清理文档${标记} 清理后:
14:23:37.768 DEBUG com.slzs.word.process.MarkAnalyzer:221 清理文档${标记} 清理前:
14:23:37.768 DEBUG com.slzs.word.process.MarkAnalyzer:242 清理文档${标记} 清理后:
14:23:37.768 DEBUG com.slzs.word.process.MarkAnalyzer:221 清理文档${标记} 清理前:
14:23:37.769 DEBUG com.slzs.word.process.MarkAnalyzer:242 清理文档${标记} 清理后:
14:23:37.770 DEBUG com.slzs.word.process.MarkAnalyzer:221 清理文档${标记} 清理前:
14:23:37.770 DEBUG com.slzs.word.process.MarkAnalyzer:242 清理文档${标记} 清理后:
14:23:37.771 DEBUG com.slzs.word.process.MarkAnalyzer:221 清理文档${标记} 清理前:${rank0.doc:start}
14:23:37.772 DEBUG com.slzs.word.process.MarkAnalyzer:242 清理文档${标记} 清理后:
14:23:37.773 DEBUG com.slzs.word.process.MarkAnalyzer:221 清理文档${标记} 清理前:
14:23:37.774 DEBUG com.slzs.word.process.MarkAnalyzer:242 清理文档${标记} 清理后:
14:23:37.774 DEBUG com.slzs.word.process.MarkAnalyzer:221 清理文档${标记} 清理前:
14:23:37.776 DEBUG com.slzs.word.process.MarkAnalyzer:242 清理文档${标记} 清理后:
14:23:37.777 DEBUG com.slzs.word.process.MarkAnalyzer:213 清理文档  rank0.doc空迭代数据
14:23:37.778 DEBUG com.slzs.word.process.MarkAnalyzer:221 清理文档${标记} 清理前:${rank0.doc:end}
14:23:37.778 DEBUG com.slzs.word.process.MarkAnalyzer:242 清理文档${标记} 清理后:
14:23:37.779 DEBUG com.slzs.word.process.MarkAnalyzer:221 清理文档${标记} 清理前:
14:23:37.780 DEBUG com.slzs.word.process.MarkAnalyzer:242 清理文档${标记} 清理后:
14:23:37.780 DEBUG com.slzs.word.process.MarkAnalyzer:221 清理文档${标记} 清理前:
14:23:37.781 DEBUG com.slzs.word.process.MarkAnalyzer:242 清理文档${标记} 清理后:
14:23:37.781 DEBUG com.slzs.word.process.MarkAnalyzer:221 清理文档${标记} 清理前:${rank#next}
14:23:37.782 DEBUG com.slzs.word.process.MarkAnalyzer:242 清理文档${标记} 清理后:
14:23:37.783 DEBUG com.slzs.word.process.MarkAnalyzer:221 清理文档${标记} 清理前:${rank1.doc#next}
14:23:37.784 DEBUG com.slzs.word.process.MarkAnalyzer:242 清理文档${标记} 清理后:
14:23:37.785 ERROR com.slzs.word.WordFactory:183 
org.apache.xmlbeans.impl.values.XmlValueDisconnectedException: null
	at org.apache.xmlbeans.impl.values.XmlObjectBase.check_orphaned(XmlObjectBase.java:1258) ~[xmlbeans-2.6.0.jar:?]
	at org.openxmlformats.schemas.wordprocessingml.x2006.main.impl.CTRImpl.isSetRsidDel(Unknown Source) ~[poi-ooxml-schemas-3.16.jar:3.16]
	at org.apache.poi.xwpf.usermodel.XWPFParagraph.getText(XWPFParagraph.java:192) ~[poi-ooxml-3.16.jar:3.16]
	at com.slzs.word.process.UBBAnalyzer.analysis(UBBAnalyzer.java:64) ~[classes/:?]
	at com.slzs.word.process.UBBAnalyzer.analysis(UBBAnalyzer.java:88) ~[classes/:?]
	at com.slzs.word.process.UBBAnalyzer.analysis(UBBAnalyzer.java:68) ~[classes/:?]
	at com.slzs.word.process.UBBAnalyzer.analysis(UBBAnalyzer.java:51) ~[classes/:?]
	at com.slzs.word.process.MarkAnalyzer.ubbAnalysis(MarkAnalyzer.java:263) ~[classes/:?]
	at com.slzs.word.WordFactory.reportLaunch(WordFactory.java:168) [classes/:?]
	at com.slzs.word.WordFactory.reportByTemplate(WordFactory.java:92) [classes/:?]
	at com.slzs.word.WordUtilTest.reportWord(WordUtilTest.java:107) [test-classes/:?]
	at sun.reflect.NativeMethodAccessorImpl.invoke0(Native Method) ~[?:1.8.0_121]
	at sun.reflect.NativeMethodAccessorImpl.invoke(NativeMethodAccessorImpl.java:62) ~[?:1.8.0_121]
	at sun.reflect.DelegatingMethodAccessorImpl.invoke(DelegatingMethodAccessorImpl.java:43) ~[?:1.8.0_121]
	at java.lang.reflect.Method.invoke(Method.java:498) ~[?:1.8.0_121]
	at org.junit.runners.model.FrameworkMethod$1.runReflectiveCall(FrameworkMethod.java:50) [junit-4.12.jar:4.12]
	at org.junit.internal.runners.model.ReflectiveCallable.run(ReflectiveCallable.java:12) [junit-4.12.jar:4.12]
	at org.junit.runners.model.FrameworkMethod.invokeExplosively(FrameworkMethod.java:47) [junit-4.12.jar:4.12]
	at org.junit.internal.runners.statements.InvokeMethod.evaluate(InvokeMethod.java:17) [junit-4.12.jar:4.12]
	at org.junit.runners.ParentRunner.runLeaf(ParentRunner.java:325) [junit-4.12.jar:4.12]
	at org.junit.runners.BlockJUnit4ClassRunner.runChild(BlockJUnit4ClassRunner.java:78) [junit-4.12.jar:4.12]
	at org.junit.runners.BlockJUnit4ClassRunner.runChild(BlockJUnit4ClassRunner.java:57) [junit-4.12.jar:4.12]
	at org.junit.runners.ParentRunner$3.run(ParentRunner.java:290) [junit-4.12.jar:4.12]
	at org.junit.runners.ParentRunner$1.schedule(ParentRunner.java:71) [junit-4.12.jar:4.12]
	at org.junit.runners.ParentRunner.runChildren(ParentRunner.java:288) [junit-4.12.jar:4.12]
	at org.junit.runners.ParentRunner.access$000(ParentRunner.java:58) [junit-4.12.jar:4.12]
	at org.junit.runners.ParentRunner$2.evaluate(ParentRunner.java:268) [junit-4.12.jar:4.12]
	at org.junit.runners.ParentRunner.run(ParentRunner.java:363) [junit-4.12.jar:4.12]
	at org.eclipse.jdt.internal.junit4.runner.JUnit4TestReference.run(JUnit4TestReference.java:86) [.cp/:?]
	at org.eclipse.jdt.internal.junit.runner.TestExecution.run(TestExecution.java:38) [.cp/:?]
	at org.eclipse.jdt.internal.junit.runner.RemoteTestRunner.runTests(RemoteTestRunner.java:459) [.cp/:?]
	at org.eclipse.jdt.internal.junit.runner.RemoteTestRunner.runTests(RemoteTestRunner.java:678) [.cp/:?]
	at org.eclipse.jdt.internal.junit.runner.RemoteTestRunner.run(RemoteTestRunner.java:382) [.cp/:?]
	at org.eclipse.jdt.internal.junit.runner.RemoteTestRunner.main(RemoteTestRunner.java:192) [.cp/:?]
14:23:37.804 INFO com.slzs.word.WordFactory:204 word处理失败...耗时：1.49367987E12s
14:27:07.510 INFO com.slzs.word.WordFactory:223 加载Word模板....
14:27:08.404 INFO com.slzs.word.WordFactory:236 clone WordTmplate to ByteArrayOutputStream..
14:27:08.685 DEBUG com.slzs.word.process.MarkAnalyzer:52 梳理文档${标记}开始...
14:27:08.716 DEBUG com.slzs.word.process.MarkAnalyzer:72 梳理文档${标记}结束...
14:27:08.717 INFO com.slzs.word.WordFactory:153 开始填充段落标记数据....
14:27:08.927 DEBUG com.slzs.word.process.MarkAnalyzer:221 清理文档${标记} 清理前:${hot0.doc#next}
14:27:08.928 DEBUG com.slzs.word.process.MarkAnalyzer:242 清理文档${标记} 清理后:
14:27:08.929 DEBUG com.slzs.word.process.MarkAnalyzer:221 清理文档${标记} 清理前:${hot0.doc#next}
14:27:08.930 DEBUG com.slzs.word.process.MarkAnalyzer:242 清理文档${标记} 清理后:
14:27:08.930 DEBUG com.slzs.word.process.MarkAnalyzer:221 清理文档${标记} 清理前:${hot#next}
14:27:08.931 DEBUG com.slzs.word.process.MarkAnalyzer:242 清理文档${标记} 清理后:
14:27:08.932 DEBUG com.slzs.word.process.MarkAnalyzer:221 清理文档${标记} 清理前:${hot1.doc#next}
14:27:08.932 DEBUG com.slzs.word.process.MarkAnalyzer:242 清理文档${标记} 清理后:
14:27:08.935 DEBUG com.slzs.word.process.MarkAnalyzer:221 清理文档${标记} 清理前:${hot1.doc#next}
14:27:08.936 DEBUG com.slzs.word.process.MarkAnalyzer:242 清理文档${标记} 清理后:
14:28:26.384 INFO com.slzs.word.WordFactory:171 创建Word文件：/E:/slzs/eclipse/ws/word-template/target/test-classes/report/hotReport_35.docx
14:28:26.613 INFO com.slzs.word.WordFactory:204 word处理成功...耗时：1.49368013E12s
14:28:26.617 INFO com.slzs.word.WordFactory:223 加载Word模板....
14:28:26.665 INFO com.slzs.word.WordFactory:236 clone WordTmplate to ByteArrayOutputStream..
14:28:26.794 DEBUG com.slzs.word.process.MarkAnalyzer:52 梳理文档${标记}开始...
14:28:26.802 DEBUG com.slzs.word.process.MarkAnalyzer:72 梳理文档${标记}结束...
14:28:26.803 INFO com.slzs.word.WordFactory:153 开始填充段落标记数据....
14:28:26.811 DEBUG com.slzs.word.process.MarkAnalyzer:221 清理文档${标记} 清理前:                                
14:28:26.812 DEBUG com.slzs.word.process.MarkAnalyzer:242 清理文档${标记} 清理后:                                
14:28:26.813 DEBUG com.slzs.word.process.MarkAnalyzer:221 清理文档${标记} 清理前:${createDate}
14:28:26.814 DEBUG com.slzs.word.process.MarkAnalyzer:242 清理文档${标记} 清理后:
14:29:31.850 INFO com.slzs.word.WordFactory:171 创建Word文件：/E:/slzs/eclipse/ws/word-template/target/test-classes/report/ubb_3889.docx
14:29:31.985 INFO com.slzs.word.WordFactory:204 word处理成功...耗时：1.49368026E12s
14:29:32.021 INFO com.slzs.word.WordTemplateFactory:154 创建Word ByteArrayOutputStream..
14:29:32.338 INFO com.slzs.word.WordFactory:223 加载Word模板....
14:29:32.384 INFO com.slzs.word.WordFactory:236 clone WordTmplate to ByteArrayOutputStream..
14:29:32.438 DEBUG com.slzs.word.process.MarkAnalyzer:52 梳理文档${标记}开始...
14:29:32.447 DEBUG com.slzs.word.process.MarkAnalyzer:72 梳理文档${标记}结束...
14:29:32.447 INFO com.slzs.word.WordFactory:153 开始填充段落标记数据....
14:29:32.482 DEBUG com.slzs.word.process.MarkAnalyzer:221 清理文档${标记} 清理前:${hottest:rows}
14:29:32.483 DEBUG com.slzs.word.process.MarkAnalyzer:242 清理文档${标记} 清理后:
14:29:32.484 DEBUG com.slzs.word.process.MarkAnalyzer:221 清理文档${标记} 清理前:
14:29:32.487 DEBUG com.slzs.word.process.MarkAnalyzer:242 清理文档${标记} 清理后:
14:29:32.487 DEBUG com.slzs.word.process.MarkAnalyzer:221 清理文档${标记} 清理前:
14:29:32.488 DEBUG com.slzs.word.process.MarkAnalyzer:242 清理文档${标记} 清理后:
14:29:32.489 DEBUG com.slzs.word.process.MarkAnalyzer:221 清理文档${标记} 清理前:${hottest.price}
14:29:32.490 DEBUG com.slzs.word.process.MarkAnalyzer:242 清理文档${标记} 清理后:
14:29:32.491 DEBUG com.slzs.word.process.MarkAnalyzer:221 清理文档${标记} 清理前:
14:29:32.491 DEBUG com.slzs.word.process.MarkAnalyzer:242 清理文档${标记} 清理后:
14:29:32.492 DEBUG com.slzs.word.process.MarkAnalyzer:221 清理文档${标记} 清理前:
14:29:32.492 DEBUG com.slzs.word.process.MarkAnalyzer:242 清理文档${标记} 清理后:
14:29:32.493 DEBUG com.slzs.word.process.MarkAnalyzer:221 清理文档${标记} 清理前:${hottest:rows}
14:29:32.494 DEBUG com.slzs.word.process.MarkAnalyzer:242 清理文档${标记} 清理后:
14:29:32.495 DEBUG com.slzs.word.process.MarkAnalyzer:221 清理文档${标记} 清理前:
14:29:32.496 DEBUG com.slzs.word.process.MarkAnalyzer:242 清理文档${标记} 清理后:
14:29:32.499 DEBUG com.slzs.word.process.MarkAnalyzer:221 清理文档${标记} 清理前:
14:29:32.500 DEBUG com.slzs.word.process.MarkAnalyzer:242 清理文档${标记} 清理后:
14:29:32.501 DEBUG com.slzs.word.process.MarkAnalyzer:221 清理文档${标记} 清理前:${hottest.price}
14:29:32.501 DEBUG com.slzs.word.process.MarkAnalyzer:242 清理文档${标记} 清理后:
14:29:32.502 DEBUG com.slzs.word.process.MarkAnalyzer:221 清理文档${标记} 清理前:
14:29:32.502 DEBUG com.slzs.word.process.MarkAnalyzer:242 清理文档${标记} 清理后:
14:29:32.503 DEBUG com.slzs.word.process.MarkAnalyzer:221 清理文档${标记} 清理前:
14:29:32.503 DEBUG com.slzs.word.process.MarkAnalyzer:242 清理文档${标记} 清理后:
14:29:32.504 DEBUG com.slzs.word.process.MarkAnalyzer:221 清理文档${标记} 清理前:${hottest:rows}
14:29:32.507 DEBUG com.slzs.word.process.MarkAnalyzer:242 清理文档${标记} 清理后:
14:29:32.507 DEBUG com.slzs.word.process.MarkAnalyzer:221 清理文档${标记} 清理前:
14:29:32.508 DEBUG com.slzs.word.process.MarkAnalyzer:242 清理文档${标记} 清理后:
14:29:32.509 DEBUG com.slzs.word.process.MarkAnalyzer:221 清理文档${标记} 清理前:
14:29:32.509 DEBUG com.slzs.word.process.MarkAnalyzer:242 清理文档${标记} 清理后:
14:29:32.510 DEBUG com.slzs.word.process.MarkAnalyzer:221 清理文档${标记} 清理前:${hottest.price}
14:29:32.511 DEBUG com.slzs.word.process.MarkAnalyzer:242 清理文档${标记} 清理后:
14:29:32.512 DEBUG com.slzs.word.process.MarkAnalyzer:221 清理文档${标记} 清理前:
14:29:32.514 DEBUG com.slzs.word.process.MarkAnalyzer:242 清理文档${标记} 清理后:
14:29:32.514 DEBUG com.slzs.word.process.MarkAnalyzer:221 清理文档${标记} 清理前:
14:29:32.515 DEBUG com.slzs.word.process.MarkAnalyzer:242 清理文档${标记} 清理后:
14:30:05.994 INFO com.slzs.word.WordFactory:171 创建Word文件：/E:/slzs/eclipse/ws/word-template/target/test-classes/report/hottest_7977.docx
14:30:06.067 INFO com.slzs.word.WordFactory:204 word处理成功...耗时：1.49368026E12s
14:30:06.076 INFO com.slzs.word.WordFactory:223 加载Word模板....
14:30:06.156 INFO com.slzs.word.WordFactory:236 clone WordTmplate to ByteArrayOutputStream..
14:30:06.266 DEBUG com.slzs.word.process.MarkAnalyzer:52 梳理文档${标记}开始...
14:30:06.277 DEBUG com.slzs.word.process.MarkAnalyzer:72 梳理文档${标记}结束...
14:30:06.278 INFO com.slzs.word.WordFactory:153 开始填充段落标记数据....
14:30:06.397 DEBUG com.slzs.word.WordFactory:271 生成Word临时文件:C:\Users\cxz\AppData\Local\Temp\rpt_reload_7139800439704901685.docx
14:30:06.571 DEBUG com.slzs.word.process.MarkAnalyzer:52 梳理文档${标记}开始...
14:30:06.575 DEBUG com.slzs.word.process.MarkAnalyzer:72 梳理文档${标记}结束...
14:30:06.886 DEBUG com.slzs.word.WordFactory:271 生成Word临时文件:C:\Users\cxz\AppData\Local\Temp\rpt_reload_240317818557171725.docx
14:30:07.001 DEBUG com.slzs.word.process.MarkAnalyzer:52 梳理文档${标记}开始...
14:30:07.004 DEBUG com.slzs.word.process.MarkAnalyzer:72 梳理文档${标记}结束...
14:30:07.028 DEBUG com.slzs.word.WordFactory:271 生成Word临时文件:C:\Users\cxz\AppData\Local\Temp\rpt_reload_3489446769639396908.docx
14:30:07.100 DEBUG com.slzs.word.process.MarkAnalyzer:52 梳理文档${标记}开始...
14:30:07.104 DEBUG com.slzs.word.process.MarkAnalyzer:72 梳理文档${标记}结束...
14:30:07.111 DEBUG com.slzs.word.WordFactory:271 生成Word临时文件:C:\Users\cxz\AppData\Local\Temp\rpt_reload_6465357572145759341.docx
14:30:07.206 DEBUG com.slzs.word.process.MarkAnalyzer:52 梳理文档${标记}开始...
14:30:07.210 DEBUG com.slzs.word.process.MarkAnalyzer:72 梳理文档${标记}结束...
14:30:07.227 DEBUG com.slzs.word.process.MarkAnalyzer:221 清理文档${标记} 清理前:${hot#next}
14:30:07.228 DEBUG com.slzs.word.process.MarkAnalyzer:242 清理文档${标记} 清理后:
14:30:07.229 DEBUG com.slzs.word.process.MarkAnalyzer:221 清理文档${标记} 清理前:${hot#next}
14:30:07.230 DEBUG com.slzs.word.process.MarkAnalyzer:242 清理文档${标记} 清理后:
14:30:07.231 DEBUG com.slzs.word.process.MarkAnalyzer:221 清理文档${标记} 清理前:时间：
14:30:07.231 DEBUG com.slzs.word.process.MarkAnalyzer:242 清理文档${标记} 清理后:时间：
14:30:07.232 DEBUG com.slzs.word.process.MarkAnalyzer:221 清理文档${标记} 清理前:${hot.pubDate}
14:30:07.234 DEBUG com.slzs.word.process.MarkAnalyzer:242 清理文档${标记} 清理后:
14:30:07.235 DEBUG com.slzs.word.process.MarkAnalyzer:221 清理文档${标记} 清理前:
14:30:07.235 DEBUG com.slzs.word.process.MarkAnalyzer:242 清理文档${标记} 清理后:
14:30:07.235 DEBUG com.slzs.word.process.MarkAnalyzer:221 清理文档${标记} 清理前:
14:30:07.238 DEBUG com.slzs.word.process.MarkAnalyzer:242 清理文档${标记} 清理后:
14:30:07.240 DEBUG com.slzs.word.process.MarkAnalyzer:221 清理文档${标记} 清理前: 
14:30:07.240 DEBUG com.slzs.word.process.MarkAnalyzer:242 清理文档${标记} 清理后: 
14:30:07.242 DEBUG com.slzs.word.process.MarkAnalyzer:221 清理文档${标记} 清理前:来源：
14:30:07.242 DEBUG com.slzs.word.process.MarkAnalyzer:242 清理文档${标记} 清理后:来源：
14:30:07.244 DEBUG com.slzs.word.process.MarkAnalyzer:221 清理文档${标记} 清理前:${hot.source}
14:30:07.245 DEBUG com.slzs.word.process.MarkAnalyzer:242 清理文档${标记} 清理后:
14:30:07.246 DEBUG com.slzs.word.process.MarkAnalyzer:221 清理文档${标记} 清理前:
14:30:07.247 DEBUG com.slzs.word.process.MarkAnalyzer:242 清理文档${标记} 清理后:
14:30:07.247 DEBUG com.slzs.word.process.MarkAnalyzer:221 清理文档${标记} 清理前:
14:30:07.248 DEBUG com.slzs.word.process.MarkAnalyzer:242 清理文档${标记} 清理后:
14:30:07.249 DEBUG com.slzs.word.process.MarkAnalyzer:221 清理文档${标记} 清理前:链接：
14:30:07.250 DEBUG com.slzs.word.process.MarkAnalyzer:242 清理文档${标记} 清理后:链接：
14:30:07.251 DEBUG com.slzs.word.process.MarkAnalyzer:221 清理文档${标记} 清理前:${hot.link}
14:30:07.251 DEBUG com.slzs.word.process.MarkAnalyzer:242 清理文档${标记} 清理后:
14:30:07.253 DEBUG com.slzs.word.process.MarkAnalyzer:221 清理文档${标记} 清理前:
14:30:07.253 DEBUG com.slzs.word.process.MarkAnalyzer:242 清理文档${标记} 清理后:
14:30:07.254 DEBUG com.slzs.word.process.MarkAnalyzer:221 清理文档${标记} 清理前:
14:30:07.254 DEBUG com.slzs.word.process.MarkAnalyzer:242 清理文档${标记} 清理后:
14:30:07.255 DEBUG com.slzs.word.process.MarkAnalyzer:221 清理文档${标记} 清理前:摘要：
14:30:07.256 DEBUG com.slzs.word.process.MarkAnalyzer:242 清理文档${标记} 清理后:摘要：
14:30:07.256 DEBUG com.slzs.word.process.MarkAnalyzer:221 清理文档${标记} 清理前:${hot.description}
14:30:07.257 DEBUG com.slzs.word.process.MarkAnalyzer:242 清理文档${标记} 清理后:
14:30:07.259 DEBUG com.slzs.word.process.MarkAnalyzer:221 清理文档${标记} 清理前:
14:30:07.260 DEBUG com.slzs.word.process.MarkAnalyzer:242 清理文档${标记} 清理后:
14:30:07.260 DEBUG com.slzs.word.process.MarkAnalyzer:221 清理文档${标记} 清理前:
14:30:07.261 DEBUG com.slzs.word.process.MarkAnalyzer:242 清理文档${标记} 清理后:
14:30:07.263 DEBUG com.slzs.word.process.MarkAnalyzer:221 清理文档${标记} 清理前:全局
14:30:07.281 DEBUG com.slzs.word.process.MarkAnalyzer:242 清理文档${标记} 清理后:全局
14:30:07.282 DEBUG com.slzs.word.process.MarkAnalyzer:221 清理文档${标记} 清理前:图：
14:30:07.282 DEBUG com.slzs.word.process.MarkAnalyzer:242 清理文档${标记} 清理后:图：
14:30:07.283 DEBUG com.slzs.word.process.MarkAnalyzer:221 清理文档${标记} 清理前:
14:30:07.283 DEBUG com.slzs.word.process.MarkAnalyzer:242 清理文档${标记} 清理后:
14:30:07.284 DEBUG com.slzs.word.process.MarkAnalyzer:221 清理文档${标记} 清理前:
14:30:07.285 DEBUG com.slzs.word.process.MarkAnalyzer:242 清理文档${标记} 清理后:
14:30:07.285 DEBUG com.slzs.word.process.MarkAnalyzer:221 清理文档${标记} 清理前:
14:30:07.285 DEBUG com.slzs.word.process.MarkAnalyzer:242 清理文档${标记} 清理后:
14:30:07.286 DEBUG com.slzs.word.process.MarkAnalyzer:221 清理文档${标记} 清理前:
14:30:07.287 DEBUG com.slzs.word.process.MarkAnalyzer:242 清理文档${标记} 清理后:
14:30:07.287 DEBUG com.slzs.word.process.MarkAnalyzer:221 清理文档${标记} 清理前:
14:30:07.288 DEBUG com.slzs.word.process.MarkAnalyzer:242 清理文档${标记} 清理后:
14:30:07.288 DEBUG com.slzs.word.process.MarkAnalyzer:221 清理文档${标记} 清理前: 
14:30:07.289 DEBUG com.slzs.word.process.MarkAnalyzer:242 清理文档${标记} 清理后: 
14:30:07.289 DEBUG com.slzs.word.process.MarkAnalyzer:221 清理文档${标记} 清理前:–
14:30:07.289 DEBUG com.slzs.word.process.MarkAnalyzer:242 清理文档${标记} 清理后:–
14:30:07.290 DEBUG com.slzs.word.process.MarkAnalyzer:221 清理文档${标记} 清理前:迭代图：
14:30:07.290 DEBUG com.slzs.word.process.MarkAnalyzer:242 清理文档${标记} 清理后:迭代图：
14:30:07.291 DEBUG com.slzs.word.process.MarkAnalyzer:221 清理文档${标记} 清理前: 
14:30:07.292 DEBUG com.slzs.word.process.MarkAnalyzer:242 清理文档${标记} 清理后: 
14:30:07.293 DEBUG com.slzs.word.process.MarkAnalyzer:221 清理文档${标记} 清理前:${hot.image}
14:30:07.293 DEBUG com.slzs.word.process.MarkAnalyzer:242 清理文档${标记} 清理后:
14:30:07.293 DEBUG com.slzs.word.process.MarkAnalyzer:221 清理文档${标记} 清理前:
14:30:07.294 DEBUG com.slzs.word.process.MarkAnalyzer:242 清理文档${标记} 清理后:
14:30:07.294 DEBUG com.slzs.word.process.MarkAnalyzer:221 清理文档${标记} 清理前:
14:30:07.295 DEBUG com.slzs.word.process.MarkAnalyzer:242 清理文档${标记} 清理后:
14:30:07.295 DEBUG com.slzs.word.process.MarkAnalyzer:221 清理文档${标记} 清理前:
14:30:07.296 DEBUG com.slzs.word.process.MarkAnalyzer:242 清理文档${标记} 清理后:
14:30:07.296 DEBUG com.slzs.word.process.MarkAnalyzer:221 清理文档${标记} 清理前:
14:30:07.296 DEBUG com.slzs.word.process.MarkAnalyzer:242 清理文档${标记} 清理后:
14:30:07.297 DEBUG com.slzs.word.process.MarkAnalyzer:221 清理文档${标记} 清理前:${rank0.doc:start}
14:30:07.298 DEBUG com.slzs.word.process.MarkAnalyzer:242 清理文档${标记} 清理后:
14:30:07.299 DEBUG com.slzs.word.process.MarkAnalyzer:221 清理文档${标记} 清理前:
14:30:07.299 DEBUG com.slzs.word.process.MarkAnalyzer:242 清理文档${标记} 清理后:
14:30:07.300 DEBUG com.slzs.word.process.MarkAnalyzer:221 清理文档${标记} 清理前:
14:30:07.301 DEBUG com.slzs.word.process.MarkAnalyzer:242 清理文档${标记} 清理后:
14:30:07.302 DEBUG com.slzs.word.process.MarkAnalyzer:213 清理文档  rank0.doc空迭代数据
14:30:07.302 DEBUG com.slzs.word.process.MarkAnalyzer:221 清理文档${标记} 清理前:${rank0.doc:end}
14:30:07.303 DEBUG com.slzs.word.process.MarkAnalyzer:242 清理文档${标记} 清理后:
14:30:07.303 DEBUG com.slzs.word.process.MarkAnalyzer:221 清理文档${标记} 清理前:
14:30:07.304 DEBUG com.slzs.word.process.MarkAnalyzer:242 清理文档${标记} 清理后:
14:30:07.304 DEBUG com.slzs.word.process.MarkAnalyzer:221 清理文档${标记} 清理前:
14:30:07.305 DEBUG com.slzs.word.process.MarkAnalyzer:242 清理文档${标记} 清理后:
14:30:07.305 DEBUG com.slzs.word.process.MarkAnalyzer:221 清理文档${标记} 清理前:${rank#next}
14:30:07.306 DEBUG com.slzs.word.process.MarkAnalyzer:242 清理文档${标记} 清理后:
14:30:07.307 DEBUG com.slzs.word.process.MarkAnalyzer:221 清理文档${标记} 清理前:${rank1.doc#next}
14:30:07.308 DEBUG com.slzs.word.process.MarkAnalyzer:242 清理文档${标记} 清理后:
14:30:14.515 ERROR com.slzs.word.WordFactory:183 
org.apache.xmlbeans.impl.values.XmlValueDisconnectedException: null
	at org.apache.xmlbeans.impl.values.XmlObjectBase.check_orphaned(XmlObjectBase.java:1258) ~[xmlbeans-2.6.0.jar:?]
	at org.openxmlformats.schemas.wordprocessingml.x2006.main.impl.CTRImpl.isSetRsidDel(Unknown Source) ~[poi-ooxml-schemas-3.16.jar:3.16]
	at org.apache.poi.xwpf.usermodel.XWPFParagraph.getText(XWPFParagraph.java:192) ~[poi-ooxml-3.16.jar:3.16]
	at com.slzs.word.process.UBBAnalyzer.analysis(UBBAnalyzer.java:64) ~[classes/:?]
	at com.slzs.word.process.UBBAnalyzer.analysis(UBBAnalyzer.java:88) ~[classes/:?]
	at com.slzs.word.process.UBBAnalyzer.analysis(UBBAnalyzer.java:68) ~[classes/:?]
	at com.slzs.word.process.UBBAnalyzer.analysis(UBBAnalyzer.java:51) ~[classes/:?]
	at com.slzs.word.process.MarkAnalyzer.ubbAnalysis(MarkAnalyzer.java:263) ~[classes/:?]
	at com.slzs.word.WordFactory.reportLaunch(WordFactory.java:168) [classes/:?]
	at com.slzs.word.WordFactory.reportByTemplate(WordFactory.java:92) [classes/:?]
	at com.slzs.word.WordUtilTest.reportWord(WordUtilTest.java:107) [test-classes/:?]
	at sun.reflect.NativeMethodAccessorImpl.invoke0(Native Method) ~[?:1.8.0_121]
	at sun.reflect.NativeMethodAccessorImpl.invoke(NativeMethodAccessorImpl.java:62) ~[?:1.8.0_121]
	at sun.reflect.DelegatingMethodAccessorImpl.invoke(DelegatingMethodAccessorImpl.java:43) ~[?:1.8.0_121]
	at java.lang.reflect.Method.invoke(Method.java:498) ~[?:1.8.0_121]
	at org.junit.runners.model.FrameworkMethod$1.runReflectiveCall(FrameworkMethod.java:50) [junit-4.12.jar:4.12]
	at org.junit.internal.runners.model.ReflectiveCallable.run(ReflectiveCallable.java:12) [junit-4.12.jar:4.12]
	at org.junit.runners.model.FrameworkMethod.invokeExplosively(FrameworkMethod.java:47) [junit-4.12.jar:4.12]
	at org.junit.internal.runners.statements.InvokeMethod.evaluate(InvokeMethod.java:17) [junit-4.12.jar:4.12]
	at org.junit.runners.ParentRunner.runLeaf(ParentRunner.java:325) [junit-4.12.jar:4.12]
	at org.junit.runners.BlockJUnit4ClassRunner.runChild(BlockJUnit4ClassRunner.java:78) [junit-4.12.jar:4.12]
	at org.junit.runners.BlockJUnit4ClassRunner.runChild(BlockJUnit4ClassRunner.java:57) [junit-4.12.jar:4.12]
	at org.junit.runners.ParentRunner$3.run(ParentRunner.java:290) [junit-4.12.jar:4.12]
	at org.junit.runners.ParentRunner$1.schedule(ParentRunner.java:71) [junit-4.12.jar:4.12]
	at org.junit.runners.ParentRunner.runChildren(ParentRunner.java:288) [junit-4.12.jar:4.12]
	at org.junit.runners.ParentRunner.access$000(ParentRunner.java:58) [junit-4.12.jar:4.12]
	at org.junit.runners.ParentRunner$2.evaluate(ParentRunner.java:268) [junit-4.12.jar:4.12]
	at org.junit.runners.ParentRunner.run(ParentRunner.java:363) [junit-4.12.jar:4.12]
	at org.eclipse.jdt.internal.junit4.runner.JUnit4TestReference.run(JUnit4TestReference.java:86) [.cp/:?]
	at org.eclipse.jdt.internal.junit.runner.TestExecution.run(TestExecution.java:38) [.cp/:?]
	at org.eclipse.jdt.internal.junit.runner.RemoteTestRunner.runTests(RemoteTestRunner.java:459) [.cp/:?]
	at org.eclipse.jdt.internal.junit.runner.RemoteTestRunner.runTests(RemoteTestRunner.java:678) [.cp/:?]
	at org.eclipse.jdt.internal.junit.runner.RemoteTestRunner.run(RemoteTestRunner.java:382) [.cp/:?]
	at org.eclipse.jdt.internal.junit.runner.RemoteTestRunner.main(RemoteTestRunner.java:192) [.cp/:?]
14:30:14.527 INFO com.slzs.word.WordFactory:204 word处理失败...耗时：1.49368026E12s
14:31:47.955 INFO com.slzs.word.WordFactory:223 加载Word模板....
14:31:48.857 INFO com.slzs.word.WordFactory:236 clone WordTmplate to ByteArrayOutputStream..
14:31:49.206 DEBUG com.slzs.word.process.MarkAnalyzer:52 梳理文档${标记}开始...
14:31:49.242 DEBUG com.slzs.word.process.MarkAnalyzer:72 梳理文档${标记}结束...
14:31:49.245 INFO com.slzs.word.WordFactory:153 开始填充段落标记数据....
14:31:49.471 DEBUG com.slzs.word.process.MarkAnalyzer:221 清理文档${标记} 清理前:${hot0.doc#next}
14:31:49.473 DEBUG com.slzs.word.process.MarkAnalyzer:242 清理文档${标记} 清理后:
14:31:49.475 DEBUG com.slzs.word.process.MarkAnalyzer:221 清理文档${标记} 清理前:${hot0.doc#next}
14:31:49.477 DEBUG com.slzs.word.process.MarkAnalyzer:242 清理文档${标记} 清理后:
14:31:49.479 DEBUG com.slzs.word.process.MarkAnalyzer:221 清理文档${标记} 清理前:${hot#next}
14:31:49.480 DEBUG com.slzs.word.process.MarkAnalyzer:242 清理文档${标记} 清理后:
14:31:49.481 DEBUG com.slzs.word.process.MarkAnalyzer:221 清理文档${标记} 清理前:${hot1.doc#next}
14:31:49.482 DEBUG com.slzs.word.process.MarkAnalyzer:242 清理文档${标记} 清理后:
14:31:49.484 DEBUG com.slzs.word.process.MarkAnalyzer:221 清理文档${标记} 清理前:${hot1.doc#next}
14:31:49.485 DEBUG com.slzs.word.process.MarkAnalyzer:242 清理文档${标记} 清理后:
14:31:49.492 INFO com.slzs.word.WordFactory:171 创建Word文件：/E:/slzs/eclipse/ws/word-template/target/test-classes/report/hotReport_8103.docx
14:31:49.766 INFO com.slzs.word.WordFactory:204 word处理成功...耗时：1.49368039E12s
14:31:49.769 INFO com.slzs.word.WordFactory:223 加载Word模板....
14:31:49.843 INFO com.slzs.word.WordFactory:236 clone WordTmplate to ByteArrayOutputStream..
14:31:49.971 DEBUG com.slzs.word.process.MarkAnalyzer:52 梳理文档${标记}开始...
14:31:49.978 DEBUG com.slzs.word.process.MarkAnalyzer:72 梳理文档${标记}结束...
14:31:49.978 INFO com.slzs.word.WordFactory:153 开始填充段落标记数据....
14:31:49.995 DEBUG com.slzs.word.process.MarkAnalyzer:221 清理文档${标记} 清理前:                                
14:31:49.996 DEBUG com.slzs.word.process.MarkAnalyzer:242 清理文档${标记} 清理后:                                
14:31:49.997 DEBUG com.slzs.word.process.MarkAnalyzer:221 清理文档${标记} 清理前:${createDate}
14:31:49.997 DEBUG com.slzs.word.process.MarkAnalyzer:242 清理文档${标记} 清理后:
14:31:50.261 INFO com.slzs.word.WordFactory:171 创建Word文件：/E:/slzs/eclipse/ws/word-template/target/test-classes/report/ubb_7975.docx
14:31:50.365 INFO com.slzs.word.WordFactory:204 word处理成功...耗时：1.49368039E12s
14:31:50.417 INFO com.slzs.word.WordTemplateFactory:154 创建Word ByteArrayOutputStream..
14:31:50.906 INFO com.slzs.word.WordFactory:223 加载Word模板....
14:31:50.968 INFO com.slzs.word.WordFactory:236 clone WordTmplate to ByteArrayOutputStream..
14:31:51.121 DEBUG com.slzs.word.process.MarkAnalyzer:52 梳理文档${标记}开始...
14:31:51.123 DEBUG com.slzs.word.process.MarkAnalyzer:72 梳理文档${标记}结束...
14:31:51.123 INFO com.slzs.word.WordFactory:153 开始填充段落标记数据....
14:31:51.179 DEBUG com.slzs.word.process.MarkAnalyzer:221 清理文档${标记} 清理前:${hottest:rows}
14:31:51.181 DEBUG com.slzs.word.process.MarkAnalyzer:242 清理文档${标记} 清理后:
14:31:51.182 DEBUG com.slzs.word.process.MarkAnalyzer:221 清理文档${标记} 清理前:
14:31:51.185 DEBUG com.slzs.word.process.MarkAnalyzer:242 清理文档${标记} 清理后:
14:31:51.186 DEBUG com.slzs.word.process.MarkAnalyzer:221 清理文档${标记} 清理前:
14:31:51.187 DEBUG com.slzs.word.process.MarkAnalyzer:242 清理文档${标记} 清理后:
14:31:51.187 DEBUG com.slzs.word.process.MarkAnalyzer:221 清理文档${标记} 清理前:${hottest.price}
14:31:51.188 DEBUG com.slzs.word.process.MarkAnalyzer:242 清理文档${标记} 清理后:
14:31:51.189 DEBUG com.slzs.word.process.MarkAnalyzer:221 清理文档${标记} 清理前:
14:31:51.189 DEBUG com.slzs.word.process.MarkAnalyzer:242 清理文档${标记} 清理后:
14:31:51.190 DEBUG com.slzs.word.process.MarkAnalyzer:221 清理文档${标记} 清理前:
14:31:51.190 DEBUG com.slzs.word.process.MarkAnalyzer:242 清理文档${标记} 清理后:
14:31:51.192 DEBUG com.slzs.word.process.MarkAnalyzer:221 清理文档${标记} 清理前:${hottest:rows}
14:31:51.193 DEBUG com.slzs.word.process.MarkAnalyzer:242 清理文档${标记} 清理后:
14:31:51.193 DEBUG com.slzs.word.process.MarkAnalyzer:221 清理文档${标记} 清理前:
14:31:51.194 DEBUG com.slzs.word.process.MarkAnalyzer:242 清理文档${标记} 清理后:
14:31:51.195 DEBUG com.slzs.word.process.MarkAnalyzer:221 清理文档${标记} 清理前:
14:31:51.196 DEBUG com.slzs.word.process.MarkAnalyzer:242 清理文档${标记} 清理后:
14:31:51.197 DEBUG com.slzs.word.process.MarkAnalyzer:221 清理文档${标记} 清理前:${hottest.price}
14:31:51.197 DEBUG com.slzs.word.process.MarkAnalyzer:242 清理文档${标记} 清理后:
14:31:51.203 DEBUG com.slzs.word.process.MarkAnalyzer:221 清理文档${标记} 清理前:
14:31:51.204 DEBUG com.slzs.word.process.MarkAnalyzer:242 清理文档${标记} 清理后:
14:31:51.207 DEBUG com.slzs.word.process.MarkAnalyzer:221 清理文档${标记} 清理前:
14:31:51.207 DEBUG com.slzs.word.process.MarkAnalyzer:242 清理文档${标记} 清理后:
14:31:51.211 DEBUG com.slzs.word.process.MarkAnalyzer:221 清理文档${标记} 清理前:${hottest:rows}
14:31:51.212 DEBUG com.slzs.word.process.MarkAnalyzer:242 清理文档${标记} 清理后:
14:31:51.212 DEBUG com.slzs.word.process.MarkAnalyzer:221 清理文档${标记} 清理前:
14:31:51.213 DEBUG com.slzs.word.process.MarkAnalyzer:242 清理文档${标记} 清理后:
14:31:51.214 DEBUG com.slzs.word.process.MarkAnalyzer:221 清理文档${标记} 清理前:
14:31:51.215 DEBUG com.slzs.word.process.MarkAnalyzer:242 清理文档${标记} 清理后:
14:31:51.223 DEBUG com.slzs.word.process.MarkAnalyzer:221 清理文档${标记} 清理前:${hottest.price}
14:31:51.223 DEBUG com.slzs.word.process.MarkAnalyzer:242 清理文档${标记} 清理后:
14:31:51.224 DEBUG com.slzs.word.process.MarkAnalyzer:221 清理文档${标记} 清理前:
14:31:51.225 DEBUG com.slzs.word.process.MarkAnalyzer:242 清理文档${标记} 清理后:
14:31:51.228 DEBUG com.slzs.word.process.MarkAnalyzer:221 清理文档${标记} 清理前:
14:31:51.229 DEBUG com.slzs.word.process.MarkAnalyzer:242 清理文档${标记} 清理后:
14:31:51.233 ERROR com.slzs.word.WordFactory:183 
org.apache.xmlbeans.impl.values.XmlValueDisconnectedException: null
	at org.apache.xmlbeans.impl.values.XmlObjectBase.check_orphaned(XmlObjectBase.java:1258) ~[xmlbeans-2.6.0.jar:?]
	at org.apache.xmlbeans.impl.values.XmlObjectBase.newCursor(XmlObjectBase.java:286) ~[xmlbeans-2.6.0.jar:?]
	at org.apache.xmlbeans.impl.values.XmlObjectBase.newCursorForce(XmlObjectBase.java:247) ~[xmlbeans-2.6.0.jar:?]
	at org.apache.xmlbeans.impl.values.XmlObjectBase.getDomNode(XmlObjectBase.java:208) ~[xmlbeans-2.6.0.jar:?]
	at org.apache.poi.xwpf.usermodel.XWPFParagraph.isEmpty(XWPFParagraph.java:174) ~[poi-ooxml-3.16.jar:3.16]
	at com.slzs.word.process.UBBAnalyzer.analysis(UBBAnalyzer.java:64) ~[classes/:?]
	at com.slzs.word.process.UBBAnalyzer.analysis(UBBAnalyzer.java:88) ~[classes/:?]
	at com.slzs.word.process.UBBAnalyzer.analysis(UBBAnalyzer.java:68) ~[classes/:?]
	at com.slzs.word.process.UBBAnalyzer.analysis(UBBAnalyzer.java:51) ~[classes/:?]
	at com.slzs.word.process.MarkAnalyzer.ubbAnalysis(MarkAnalyzer.java:263) ~[classes/:?]
	at com.slzs.word.WordFactory.reportLaunch(WordFactory.java:168) [classes/:?]
	at com.slzs.word.WordFactory.reportByTemplate(WordFactory.java:92) [classes/:?]
	at com.slzs.word.WordUtilTest.hottest(WordUtilTest.java:252) [test-classes/:?]
	at sun.reflect.NativeMethodAccessorImpl.invoke0(Native Method) ~[?:1.8.0_121]
	at sun.reflect.NativeMethodAccessorImpl.invoke(NativeMethodAccessorImpl.java:62) ~[?:1.8.0_121]
	at sun.reflect.DelegatingMethodAccessorImpl.invoke(DelegatingMethodAccessorImpl.java:43) ~[?:1.8.0_121]
	at java.lang.reflect.Method.invoke(Method.java:498) ~[?:1.8.0_121]
	at org.junit.runners.model.FrameworkMethod$1.runReflectiveCall(FrameworkMethod.java:50) [junit-4.12.jar:4.12]
	at org.junit.internal.runners.model.ReflectiveCallable.run(ReflectiveCallable.java:12) [junit-4.12.jar:4.12]
	at org.junit.runners.model.FrameworkMethod.invokeExplosively(FrameworkMethod.java:47) [junit-4.12.jar:4.12]
	at org.junit.internal.runners.statements.InvokeMethod.evaluate(InvokeMethod.java:17) [junit-4.12.jar:4.12]
	at org.junit.runners.ParentRunner.runLeaf(ParentRunner.java:325) [junit-4.12.jar:4.12]
	at org.junit.runners.BlockJUnit4ClassRunner.runChild(BlockJUnit4ClassRunner.java:78) [junit-4.12.jar:4.12]
	at org.junit.runners.BlockJUnit4ClassRunner.runChild(BlockJUnit4ClassRunner.java:57) [junit-4.12.jar:4.12]
	at org.junit.runners.ParentRunner$3.run(ParentRunner.java:290) [junit-4.12.jar:4.12]
	at org.junit.runners.ParentRunner$1.schedule(ParentRunner.java:71) [junit-4.12.jar:4.12]
	at org.junit.runners.ParentRunner.runChildren(ParentRunner.java:288) [junit-4.12.jar:4.12]
	at org.junit.runners.ParentRunner.access$000(ParentRunner.java:58) [junit-4.12.jar:4.12]
	at org.junit.runners.ParentRunner$2.evaluate(ParentRunner.java:268) [junit-4.12.jar:4.12]
	at org.junit.runners.ParentRunner.run(ParentRunner.java:363) [junit-4.12.jar:4.12]
	at org.eclipse.jdt.internal.junit4.runner.JUnit4TestReference.run(JUnit4TestReference.java:86) [.cp/:?]
	at org.eclipse.jdt.internal.junit.runner.TestExecution.run(TestExecution.java:38) [.cp/:?]
	at org.eclipse.jdt.internal.junit.runner.RemoteTestRunner.runTests(RemoteTestRunner.java:459) [.cp/:?]
	at org.eclipse.jdt.internal.junit.runner.RemoteTestRunner.runTests(RemoteTestRunner.java:678) [.cp/:?]
	at org.eclipse.jdt.internal.junit.runner.RemoteTestRunner.run(RemoteTestRunner.java:382) [.cp/:?]
	at org.eclipse.jdt.internal.junit.runner.RemoteTestRunner.main(RemoteTestRunner.java:192) [.cp/:?]
14:31:51.253 INFO com.slzs.word.WordFactory:204 word处理失败...耗时：1.49368039E12s
14:31:51.255 INFO com.slzs.word.WordFactory:223 加载Word模板....
14:31:51.319 INFO com.slzs.word.WordFactory:236 clone WordTmplate to ByteArrayOutputStream..
14:31:51.449 DEBUG com.slzs.word.process.MarkAnalyzer:52 梳理文档${标记}开始...
14:31:51.461 DEBUG com.slzs.word.process.MarkAnalyzer:72 梳理文档${标记}结束...
14:31:51.462 INFO com.slzs.word.WordFactory:153 开始填充段落标记数据....
14:31:51.583 DEBUG com.slzs.word.WordFactory:271 生成Word临时文件:C:\Users\cxz\AppData\Local\Temp\rpt_reload_4398990636812178732.docx
14:31:51.785 DEBUG com.slzs.word.process.MarkAnalyzer:52 梳理文档${标记}开始...
14:31:51.789 DEBUG com.slzs.word.process.MarkAnalyzer:72 梳理文档${标记}结束...
14:31:52.069 DEBUG com.slzs.word.WordFactory:271 生成Word临时文件:C:\Users\cxz\AppData\Local\Temp\rpt_reload_3429395672825254062.docx
14:31:52.191 DEBUG com.slzs.word.process.MarkAnalyzer:52 梳理文档${标记}开始...
14:31:52.200 DEBUG com.slzs.word.process.MarkAnalyzer:72 梳理文档${标记}结束...
14:31:52.227 DEBUG com.slzs.word.WordFactory:271 生成Word临时文件:C:\Users\cxz\AppData\Local\Temp\rpt_reload_5314129324658577168.docx
14:31:52.323 DEBUG com.slzs.word.process.MarkAnalyzer:52 梳理文档${标记}开始...
14:31:52.328 DEBUG com.slzs.word.process.MarkAnalyzer:72 梳理文档${标记}结束...
14:31:52.334 DEBUG com.slzs.word.WordFactory:271 生成Word临时文件:C:\Users\cxz\AppData\Local\Temp\rpt_reload_6790435450131815275.docx
14:31:52.471 DEBUG com.slzs.word.process.MarkAnalyzer:52 梳理文档${标记}开始...
14:31:52.476 DEBUG com.slzs.word.process.MarkAnalyzer:72 梳理文档${标记}结束...
14:31:52.489 DEBUG com.slzs.word.process.MarkAnalyzer:221 清理文档${标记} 清理前:${hot#next}
14:31:52.490 DEBUG com.slzs.word.process.MarkAnalyzer:242 清理文档${标记} 清理后:
14:31:52.491 DEBUG com.slzs.word.process.MarkAnalyzer:221 清理文档${标记} 清理前:${hot#next}
14:31:52.492 DEBUG com.slzs.word.process.MarkAnalyzer:242 清理文档${标记} 清理后:
14:31:52.492 DEBUG com.slzs.word.process.MarkAnalyzer:221 清理文档${标记} 清理前:时间：
14:31:52.494 DEBUG com.slzs.word.process.MarkAnalyzer:242 清理文档${标记} 清理后:时间：
14:31:52.495 DEBUG com.slzs.word.process.MarkAnalyzer:221 清理文档${标记} 清理前:${hot.pubDate}
14:31:52.495 DEBUG com.slzs.word.process.MarkAnalyzer:242 清理文档${标记} 清理后:
14:31:52.496 DEBUG com.slzs.word.process.MarkAnalyzer:221 清理文档${标记} 清理前:
14:31:52.496 DEBUG com.slzs.word.process.MarkAnalyzer:242 清理文档${标记} 清理后:
14:31:52.497 DEBUG com.slzs.word.process.MarkAnalyzer:221 清理文档${标记} 清理前:
14:31:52.497 DEBUG com.slzs.word.process.MarkAnalyzer:242 清理文档${标记} 清理后:
14:31:52.498 DEBUG com.slzs.word.process.MarkAnalyzer:221 清理文档${标记} 清理前: 
14:31:52.498 DEBUG com.slzs.word.process.MarkAnalyzer:242 清理文档${标记} 清理后: 
14:31:52.499 DEBUG com.slzs.word.process.MarkAnalyzer:221 清理文档${标记} 清理前:来源：
14:31:52.500 DEBUG com.slzs.word.process.MarkAnalyzer:242 清理文档${标记} 清理后:来源：
14:31:52.500 DEBUG com.slzs.word.process.MarkAnalyzer:221 清理文档${标记} 清理前:${hot.source}
14:31:52.501 DEBUG com.slzs.word.process.MarkAnalyzer:242 清理文档${标记} 清理后:
14:31:52.501 DEBUG com.slzs.word.process.MarkAnalyzer:221 清理文档${标记} 清理前:
14:31:52.502 DEBUG com.slzs.word.process.MarkAnalyzer:242 清理文档${标记} 清理后:
14:31:52.502 DEBUG com.slzs.word.process.MarkAnalyzer:221 清理文档${标记} 清理前:
14:31:52.503 DEBUG com.slzs.word.process.MarkAnalyzer:242 清理文档${标记} 清理后:
14:31:52.504 DEBUG com.slzs.word.process.MarkAnalyzer:221 清理文档${标记} 清理前:链接：
14:31:52.504 DEBUG com.slzs.word.process.MarkAnalyzer:242 清理文档${标记} 清理后:链接：
14:31:52.504 DEBUG com.slzs.word.process.MarkAnalyzer:221 清理文档${标记} 清理前:${hot.link}
14:31:52.506 DEBUG com.slzs.word.process.MarkAnalyzer:242 清理文档${标记} 清理后:
14:31:52.506 DEBUG com.slzs.word.process.MarkAnalyzer:221 清理文档${标记} 清理前:
14:31:52.506 DEBUG com.slzs.word.process.MarkAnalyzer:242 清理文档${标记} 清理后:
14:31:52.507 DEBUG com.slzs.word.process.MarkAnalyzer:221 清理文档${标记} 清理前:
14:31:52.507 DEBUG com.slzs.word.process.MarkAnalyzer:242 清理文档${标记} 清理后:
14:31:52.508 DEBUG com.slzs.word.process.MarkAnalyzer:221 清理文档${标记} 清理前:摘要：
14:31:52.508 DEBUG com.slzs.word.process.MarkAnalyzer:242 清理文档${标记} 清理后:摘要：
14:31:52.509 DEBUG com.slzs.word.process.MarkAnalyzer:221 清理文档${标记} 清理前:${hot.description}
14:31:52.510 DEBUG com.slzs.word.process.MarkAnalyzer:242 清理文档${标记} 清理后:
14:31:52.511 DEBUG com.slzs.word.process.MarkAnalyzer:221 清理文档${标记} 清理前:
14:31:52.512 DEBUG com.slzs.word.process.MarkAnalyzer:242 清理文档${标记} 清理后:
14:31:52.512 DEBUG com.slzs.word.process.MarkAnalyzer:221 清理文档${标记} 清理前:
14:31:52.513 DEBUG com.slzs.word.process.MarkAnalyzer:242 清理文档${标记} 清理后:
14:31:52.518 DEBUG com.slzs.word.process.MarkAnalyzer:221 清理文档${标记} 清理前:全局
14:31:52.548 DEBUG com.slzs.word.process.MarkAnalyzer:242 清理文档${标记} 清理后:全局
14:31:52.552 DEBUG com.slzs.word.process.MarkAnalyzer:221 清理文档${标记} 清理前:图：
14:31:52.553 DEBUG com.slzs.word.process.MarkAnalyzer:242 清理文档${标记} 清理后:图：
14:31:52.554 DEBUG com.slzs.word.process.MarkAnalyzer:221 清理文档${标记} 清理前:
14:31:52.554 DEBUG com.slzs.word.process.MarkAnalyzer:242 清理文档${标记} 清理后:
14:31:52.555 DEBUG com.slzs.word.process.MarkAnalyzer:221 清理文档${标记} 清理前:
14:31:52.555 DEBUG com.slzs.word.process.MarkAnalyzer:242 清理文档${标记} 清理后:
14:31:52.557 DEBUG com.slzs.word.process.MarkAnalyzer:221 清理文档${标记} 清理前:
14:31:52.557 DEBUG com.slzs.word.process.MarkAnalyzer:242 清理文档${标记} 清理后:
14:31:52.558 DEBUG com.slzs.word.process.MarkAnalyzer:221 清理文档${标记} 清理前:
14:31:52.558 DEBUG com.slzs.word.process.MarkAnalyzer:242 清理文档${标记} 清理后:
14:31:52.559 DEBUG com.slzs.word.process.MarkAnalyzer:221 清理文档${标记} 清理前:
14:31:52.560 DEBUG com.slzs.word.process.MarkAnalyzer:242 清理文档${标记} 清理后:
14:31:52.560 DEBUG com.slzs.word.process.MarkAnalyzer:221 清理文档${标记} 清理前: 
14:31:52.560 DEBUG com.slzs.word.process.MarkAnalyzer:242 清理文档${标记} 清理后: 
14:31:52.561 DEBUG com.slzs.word.process.MarkAnalyzer:221 清理文档${标记} 清理前:–
14:31:52.561 DEBUG com.slzs.word.process.MarkAnalyzer:242 清理文档${标记} 清理后:–
14:31:52.562 DEBUG com.slzs.word.process.MarkAnalyzer:221 清理文档${标记} 清理前:迭代图：
14:31:52.562 DEBUG com.slzs.word.process.MarkAnalyzer:242 清理文档${标记} 清理后:迭代图：
14:31:52.563 DEBUG com.slzs.word.process.MarkAnalyzer:221 清理文档${标记} 清理前: 
14:31:52.563 DEBUG com.slzs.word.process.MarkAnalyzer:242 清理文档${标记} 清理后: 
14:31:52.564 DEBUG com.slzs.word.process.MarkAnalyzer:221 清理文档${标记} 清理前:${hot.image}
14:31:52.564 DEBUG com.slzs.word.process.MarkAnalyzer:242 清理文档${标记} 清理后:
14:31:52.564 DEBUG com.slzs.word.process.MarkAnalyzer:221 清理文档${标记} 清理前:
14:31:52.565 DEBUG com.slzs.word.process.MarkAnalyzer:242 清理文档${标记} 清理后:
14:31:52.566 DEBUG com.slzs.word.process.MarkAnalyzer:221 清理文档${标记} 清理前:
14:31:52.567 DEBUG com.slzs.word.process.MarkAnalyzer:242 清理文档${标记} 清理后:
14:31:52.568 DEBUG com.slzs.word.process.MarkAnalyzer:221 清理文档${标记} 清理前:
14:31:52.569 DEBUG com.slzs.word.process.MarkAnalyzer:242 清理文档${标记} 清理后:
14:31:52.569 DEBUG com.slzs.word.process.MarkAnalyzer:221 清理文档${标记} 清理前:
14:31:52.570 DEBUG com.slzs.word.process.MarkAnalyzer:242 清理文档${标记} 清理后:
14:31:52.571 DEBUG com.slzs.word.process.MarkAnalyzer:221 清理文档${标记} 清理前:${rank0.doc:start}
14:31:52.571 DEBUG com.slzs.word.process.MarkAnalyzer:242 清理文档${标记} 清理后:
14:31:52.572 DEBUG com.slzs.word.process.MarkAnalyzer:221 清理文档${标记} 清理前:
14:31:52.572 DEBUG com.slzs.word.process.MarkAnalyzer:242 清理文档${标记} 清理后:
14:31:52.573 DEBUG com.slzs.word.process.MarkAnalyzer:221 清理文档${标记} 清理前:
14:31:52.574 DEBUG com.slzs.word.process.MarkAnalyzer:242 清理文档${标记} 清理后:
14:31:52.575 DEBUG com.slzs.word.process.MarkAnalyzer:213 清理文档  rank0.doc空迭代数据
14:31:52.576 DEBUG com.slzs.word.process.MarkAnalyzer:221 清理文档${标记} 清理前:${rank0.doc:end}
14:31:52.578 DEBUG com.slzs.word.process.MarkAnalyzer:242 清理文档${标记} 清理后:
14:31:52.579 DEBUG com.slzs.word.process.MarkAnalyzer:221 清理文档${标记} 清理前:
14:31:52.579 DEBUG com.slzs.word.process.MarkAnalyzer:242 清理文档${标记} 清理后:
14:31:52.580 DEBUG com.slzs.word.process.MarkAnalyzer:221 清理文档${标记} 清理前:
14:31:52.581 DEBUG com.slzs.word.process.MarkAnalyzer:242 清理文档${标记} 清理后:
14:31:52.582 DEBUG com.slzs.word.process.MarkAnalyzer:221 清理文档${标记} 清理前:${rank#next}
14:31:52.582 DEBUG com.slzs.word.process.MarkAnalyzer:242 清理文档${标记} 清理后:
14:31:52.583 DEBUG com.slzs.word.process.MarkAnalyzer:221 清理文档${标记} 清理前:${rank1.doc#next}
14:31:52.583 DEBUG com.slzs.word.process.MarkAnalyzer:242 清理文档${标记} 清理后:
14:31:52.585 ERROR com.slzs.word.WordFactory:183 
org.apache.xmlbeans.impl.values.XmlValueDisconnectedException: null
	at org.apache.xmlbeans.impl.values.XmlObjectBase.check_orphaned(XmlObjectBase.java:1258) ~[xmlbeans-2.6.0.jar:?]
	at org.apache.xmlbeans.impl.values.XmlObjectBase.newCursor(XmlObjectBase.java:286) ~[xmlbeans-2.6.0.jar:?]
	at org.apache.xmlbeans.impl.values.XmlObjectBase.newCursorForce(XmlObjectBase.java:247) ~[xmlbeans-2.6.0.jar:?]
	at org.apache.xmlbeans.impl.values.XmlObjectBase.getDomNode(XmlObjectBase.java:208) ~[xmlbeans-2.6.0.jar:?]
	at org.apache.poi.xwpf.usermodel.XWPFParagraph.isEmpty(XWPFParagraph.java:174) ~[poi-ooxml-3.16.jar:3.16]
	at com.slzs.word.process.UBBAnalyzer.analysis(UBBAnalyzer.java:64) ~[classes/:?]
	at com.slzs.word.process.UBBAnalyzer.analysis(UBBAnalyzer.java:88) ~[classes/:?]
	at com.slzs.word.process.UBBAnalyzer.analysis(UBBAnalyzer.java:68) ~[classes/:?]
	at com.slzs.word.process.UBBAnalyzer.analysis(UBBAnalyzer.java:51) ~[classes/:?]
	at com.slzs.word.process.MarkAnalyzer.ubbAnalysis(MarkAnalyzer.java:263) ~[classes/:?]
	at com.slzs.word.WordFactory.reportLaunch(WordFactory.java:168) [classes/:?]
	at com.slzs.word.WordFactory.reportByTemplate(WordFactory.java:92) [classes/:?]
	at com.slzs.word.WordUtilTest.reportWord(WordUtilTest.java:107) [test-classes/:?]
	at sun.reflect.NativeMethodAccessorImpl.invoke0(Native Method) ~[?:1.8.0_121]
	at sun.reflect.NativeMethodAccessorImpl.invoke(NativeMethodAccessorImpl.java:62) ~[?:1.8.0_121]
	at sun.reflect.DelegatingMethodAccessorImpl.invoke(DelegatingMethodAccessorImpl.java:43) ~[?:1.8.0_121]
	at java.lang.reflect.Method.invoke(Method.java:498) ~[?:1.8.0_121]
	at org.junit.runners.model.FrameworkMethod$1.runReflectiveCall(FrameworkMethod.java:50) [junit-4.12.jar:4.12]
	at org.junit.internal.runners.model.ReflectiveCallable.run(ReflectiveCallable.java:12) [junit-4.12.jar:4.12]
	at org.junit.runners.model.FrameworkMethod.invokeExplosively(FrameworkMethod.java:47) [junit-4.12.jar:4.12]
	at org.junit.internal.runners.statements.InvokeMethod.evaluate(InvokeMethod.java:17) [junit-4.12.jar:4.12]
	at org.junit.runners.ParentRunner.runLeaf(ParentRunner.java:325) [junit-4.12.jar:4.12]
	at org.junit.runners.BlockJUnit4ClassRunner.runChild(BlockJUnit4ClassRunner.java:78) [junit-4.12.jar:4.12]
	at org.junit.runners.BlockJUnit4ClassRunner.runChild(BlockJUnit4ClassRunner.java:57) [junit-4.12.jar:4.12]
	at org.junit.runners.ParentRunner$3.run(ParentRunner.java:290) [junit-4.12.jar:4.12]
	at org.junit.runners.ParentRunner$1.schedule(ParentRunner.java:71) [junit-4.12.jar:4.12]
	at org.junit.runners.ParentRunner.runChildren(ParentRunner.java:288) [junit-4.12.jar:4.12]
	at org.junit.runners.ParentRunner.access$000(ParentRunner.java:58) [junit-4.12.jar:4.12]
	at org.junit.runners.ParentRunner$2.evaluate(ParentRunner.java:268) [junit-4.12.jar:4.12]
	at org.junit.runners.ParentRunner.run(ParentRunner.java:363) [junit-4.12.jar:4.12]
	at org.eclipse.jdt.internal.junit4.runner.JUnit4TestReference.run(JUnit4TestReference.java:86) [.cp/:?]
	at org.eclipse.jdt.internal.junit.runner.TestExecution.run(TestExecution.java:38) [.cp/:?]
	at org.eclipse.jdt.internal.junit.runner.RemoteTestRunner.runTests(RemoteTestRunner.java:459) [.cp/:?]
	at org.eclipse.jdt.internal.junit.runner.RemoteTestRunner.runTests(RemoteTestRunner.java:678) [.cp/:?]
	at org.eclipse.jdt.internal.junit.runner.RemoteTestRunner.run(RemoteTestRunner.java:382) [.cp/:?]
	at org.eclipse.jdt.internal.junit.runner.RemoteTestRunner.main(RemoteTestRunner.java:192) [.cp/:?]
14:31:52.589 INFO com.slzs.word.WordFactory:204 word处理失败...耗时：1.49368039E12s
14:35:46.192 INFO com.slzs.word.WordFactory:223 加载Word模板....
14:35:46.866 INFO com.slzs.word.WordFactory:236 clone WordTmplate to ByteArrayOutputStream..
14:35:47.136 DEBUG com.slzs.word.process.MarkAnalyzer:52 梳理文档${标记}开始...
14:35:47.141 DEBUG com.slzs.word.process.MarkAnalyzer:72 梳理文档${标记}结束...
14:35:47.141 INFO com.slzs.word.WordFactory:153 开始填充段落标记数据....
14:35:47.256 DEBUG com.slzs.word.process.MarkAnalyzer:221 清理文档${标记} 清理前:${hottest:rows}
14:35:47.257 DEBUG com.slzs.word.process.MarkAnalyzer:242 清理文档${标记} 清理后:
14:35:47.257 DEBUG com.slzs.word.process.MarkAnalyzer:221 清理文档${标记} 清理前:
14:35:47.258 DEBUG com.slzs.word.process.MarkAnalyzer:242 清理文档${标记} 清理后:
14:35:47.258 DEBUG com.slzs.word.process.MarkAnalyzer:221 清理文档${标记} 清理前:
14:35:47.258 DEBUG com.slzs.word.process.MarkAnalyzer:242 清理文档${标记} 清理后:
14:35:47.260 DEBUG com.slzs.word.process.MarkAnalyzer:221 清理文档${标记} 清理前:${hottest.price}
14:35:47.260 DEBUG com.slzs.word.process.MarkAnalyzer:242 清理文档${标记} 清理后:
14:35:47.261 DEBUG com.slzs.word.process.MarkAnalyzer:221 清理文档${标记} 清理前:
14:35:47.261 DEBUG com.slzs.word.process.MarkAnalyzer:242 清理文档${标记} 清理后:
14:35:47.262 DEBUG com.slzs.word.process.MarkAnalyzer:221 清理文档${标记} 清理前:
14:35:47.262 DEBUG com.slzs.word.process.MarkAnalyzer:242 清理文档${标记} 清理后:
14:35:47.263 DEBUG com.slzs.word.process.MarkAnalyzer:221 清理文档${标记} 清理前:${hottest:rows}
14:35:47.264 DEBUG com.slzs.word.process.MarkAnalyzer:242 清理文档${标记} 清理后:
14:35:47.264 DEBUG com.slzs.word.process.MarkAnalyzer:221 清理文档${标记} 清理前:
14:35:47.265 DEBUG com.slzs.word.process.MarkAnalyzer:242 清理文档${标记} 清理后:
14:35:47.265 DEBUG com.slzs.word.process.MarkAnalyzer:221 清理文档${标记} 清理前:
14:35:47.266 DEBUG com.slzs.word.process.MarkAnalyzer:242 清理文档${标记} 清理后:
14:35:47.266 DEBUG com.slzs.word.process.MarkAnalyzer:221 清理文档${标记} 清理前:${hottest.price}
14:35:47.267 DEBUG com.slzs.word.process.MarkAnalyzer:242 清理文档${标记} 清理后:
14:35:47.268 DEBUG com.slzs.word.process.MarkAnalyzer:221 清理文档${标记} 清理前:
14:35:47.268 DEBUG com.slzs.word.process.MarkAnalyzer:242 清理文档${标记} 清理后:
14:35:47.269 DEBUG com.slzs.word.process.MarkAnalyzer:221 清理文档${标记} 清理前:
14:35:47.270 DEBUG com.slzs.word.process.MarkAnalyzer:242 清理文档${标记} 清理后:
14:35:47.271 DEBUG com.slzs.word.process.MarkAnalyzer:221 清理文档${标记} 清理前:${hottest:rows}
14:35:47.271 DEBUG com.slzs.word.process.MarkAnalyzer:242 清理文档${标记} 清理后:
14:35:47.272 DEBUG com.slzs.word.process.MarkAnalyzer:221 清理文档${标记} 清理前:
14:35:47.273 DEBUG com.slzs.word.process.MarkAnalyzer:242 清理文档${标记} 清理后:
14:35:47.274 DEBUG com.slzs.word.process.MarkAnalyzer:221 清理文档${标记} 清理前:
14:35:47.274 DEBUG com.slzs.word.process.MarkAnalyzer:242 清理文档${标记} 清理后:
14:35:47.275 DEBUG com.slzs.word.process.MarkAnalyzer:221 清理文档${标记} 清理前:${hottest.price}
14:35:47.276 DEBUG com.slzs.word.process.MarkAnalyzer:242 清理文档${标记} 清理后:
14:35:47.277 DEBUG com.slzs.word.process.MarkAnalyzer:221 清理文档${标记} 清理前:
14:35:47.277 DEBUG com.slzs.word.process.MarkAnalyzer:242 清理文档${标记} 清理后:
14:35:47.278 DEBUG com.slzs.word.process.MarkAnalyzer:221 清理文档${标记} 清理前:
14:35:47.278 DEBUG com.slzs.word.process.MarkAnalyzer:242 清理文档${标记} 清理后:
14:35:47.281 ERROR com.slzs.word.WordFactory:183 
org.apache.xmlbeans.impl.values.XmlValueDisconnectedException: null
	at org.apache.xmlbeans.impl.values.XmlObjectBase.check_orphaned(XmlObjectBase.java:1258) ~[xmlbeans-2.6.0.jar:?]
	at org.apache.xmlbeans.impl.values.XmlObjectBase.newCursor(XmlObjectBase.java:286) ~[xmlbeans-2.6.0.jar:?]
	at org.apache.xmlbeans.impl.values.XmlObjectBase.newCursorForce(XmlObjectBase.java:247) ~[xmlbeans-2.6.0.jar:?]
	at org.apache.xmlbeans.impl.values.XmlObjectBase.getDomNode(XmlObjectBase.java:208) ~[xmlbeans-2.6.0.jar:?]
	at org.apache.poi.xwpf.usermodel.XWPFParagraph.isEmpty(XWPFParagraph.java:174) ~[poi-ooxml-3.16.jar:3.16]
	at com.slzs.word.process.UBBAnalyzer.analysis(UBBAnalyzer.java:64) ~[classes/:?]
	at com.slzs.word.process.UBBAnalyzer.analysis(UBBAnalyzer.java:88) ~[classes/:?]
	at com.slzs.word.process.UBBAnalyzer.analysis(UBBAnalyzer.java:68) ~[classes/:?]
	at com.slzs.word.process.UBBAnalyzer.analysis(UBBAnalyzer.java:51) ~[classes/:?]
	at com.slzs.word.process.MarkAnalyzer.ubbAnalysis(MarkAnalyzer.java:263) ~[classes/:?]
	at com.slzs.word.WordFactory.reportLaunch(WordFactory.java:168) [classes/:?]
	at com.slzs.word.WordFactory.reportByTemplate(WordFactory.java:92) [classes/:?]
	at com.slzs.word.WordUtilTest.hottest(WordUtilTest.java:252) [test-classes/:?]
	at sun.reflect.NativeMethodAccessorImpl.invoke0(Native Method) ~[?:1.8.0_121]
	at sun.reflect.NativeMethodAccessorImpl.invoke(NativeMethodAccessorImpl.java:62) ~[?:1.8.0_121]
	at sun.reflect.DelegatingMethodAccessorImpl.invoke(DelegatingMethodAccessorImpl.java:43) ~[?:1.8.0_121]
	at java.lang.reflect.Method.invoke(Method.java:498) ~[?:1.8.0_121]
	at org.junit.runners.model.FrameworkMethod$1.runReflectiveCall(FrameworkMethod.java:50) [junit-4.12.jar:4.12]
	at org.junit.internal.runners.model.ReflectiveCallable.run(ReflectiveCallable.java:12) [junit-4.12.jar:4.12]
	at org.junit.runners.model.FrameworkMethod.invokeExplosively(FrameworkMethod.java:47) [junit-4.12.jar:4.12]
	at org.junit.internal.runners.statements.InvokeMethod.evaluate(InvokeMethod.java:17) [junit-4.12.jar:4.12]
	at org.junit.runners.ParentRunner.runLeaf(ParentRunner.java:325) [junit-4.12.jar:4.12]
	at org.junit.runners.BlockJUnit4ClassRunner.runChild(BlockJUnit4ClassRunner.java:78) [junit-4.12.jar:4.12]
	at org.junit.runners.BlockJUnit4ClassRunner.runChild(BlockJUnit4ClassRunner.java:57) [junit-4.12.jar:4.12]
	at org.junit.runners.ParentRunner$3.run(ParentRunner.java:290) [junit-4.12.jar:4.12]
	at org.junit.runners.ParentRunner$1.schedule(ParentRunner.java:71) [junit-4.12.jar:4.12]
	at org.junit.runners.ParentRunner.runChildren(ParentRunner.java:288) [junit-4.12.jar:4.12]
	at org.junit.runners.ParentRunner.access$000(ParentRunner.java:58) [junit-4.12.jar:4.12]
	at org.junit.runners.ParentRunner$2.evaluate(ParentRunner.java:268) [junit-4.12.jar:4.12]
	at org.junit.runners.ParentRunner.run(ParentRunner.java:363) [junit-4.12.jar:4.12]
	at org.eclipse.jdt.internal.junit4.runner.JUnit4TestReference.run(JUnit4TestReference.java:86) [.cp/:?]
	at org.eclipse.jdt.internal.junit.runner.TestExecution.run(TestExecution.java:38) [.cp/:?]
	at org.eclipse.jdt.internal.junit.runner.RemoteTestRunner.runTests(RemoteTestRunner.java:459) [.cp/:?]
	at org.eclipse.jdt.internal.junit.runner.RemoteTestRunner.runTests(RemoteTestRunner.java:678) [.cp/:?]
	at org.eclipse.jdt.internal.junit.runner.RemoteTestRunner.run(RemoteTestRunner.java:382) [.cp/:?]
	at org.eclipse.jdt.internal.junit.runner.RemoteTestRunner.main(RemoteTestRunner.java:192) [.cp/:?]
14:35:47.288 INFO com.slzs.word.WordFactory:204 word处理失败...耗时：1.49368065E12s
14:36:07.427 INFO com.slzs.word.WordFactory:223 加载Word模板....
14:36:08.220 INFO com.slzs.word.WordFactory:236 clone WordTmplate to ByteArrayOutputStream..
14:36:08.497 DEBUG com.slzs.word.process.MarkAnalyzer:52 梳理文档${标记}开始...
14:36:08.505 DEBUG com.slzs.word.process.MarkAnalyzer:72 梳理文档${标记}结束...
14:36:08.506 INFO com.slzs.word.WordFactory:153 开始填充段落标记数据....
14:36:08.613 DEBUG com.slzs.word.process.MarkAnalyzer:221 清理文档${标记} 清理前:${hottest:rows}
14:36:08.615 DEBUG com.slzs.word.process.MarkAnalyzer:242 清理文档${标记} 清理后:
14:36:08.616 DEBUG com.slzs.word.process.MarkAnalyzer:221 清理文档${标记} 清理前:
14:36:08.617 DEBUG com.slzs.word.process.MarkAnalyzer:242 清理文档${标记} 清理后:
14:36:08.618 DEBUG com.slzs.word.process.MarkAnalyzer:221 清理文档${标记} 清理前:
14:36:08.618 DEBUG com.slzs.word.process.MarkAnalyzer:242 清理文档${标记} 清理后:
14:36:08.619 DEBUG com.slzs.word.process.MarkAnalyzer:221 清理文档${标记} 清理前:${hottest.price}
14:36:08.620 DEBUG com.slzs.word.process.MarkAnalyzer:242 清理文档${标记} 清理后:
14:36:08.621 DEBUG com.slzs.word.process.MarkAnalyzer:221 清理文档${标记} 清理前:
14:36:08.621 DEBUG com.slzs.word.process.MarkAnalyzer:242 清理文档${标记} 清理后:
14:36:08.622 DEBUG com.slzs.word.process.MarkAnalyzer:221 清理文档${标记} 清理前:
14:36:08.623 DEBUG com.slzs.word.process.MarkAnalyzer:242 清理文档${标记} 清理后:
14:36:08.623 DEBUG com.slzs.word.process.MarkAnalyzer:221 清理文档${标记} 清理前:${hottest:rows}
14:36:08.624 DEBUG com.slzs.word.process.MarkAnalyzer:242 清理文档${标记} 清理后:
14:36:08.625 DEBUG com.slzs.word.process.MarkAnalyzer:221 清理文档${标记} 清理前:
14:36:08.626 DEBUG com.slzs.word.process.MarkAnalyzer:242 清理文档${标记} 清理后:
14:36:08.626 DEBUG com.slzs.word.process.MarkAnalyzer:221 清理文档${标记} 清理前:
14:36:08.627 DEBUG com.slzs.word.process.MarkAnalyzer:242 清理文档${标记} 清理后:
14:36:08.628 DEBUG com.slzs.word.process.MarkAnalyzer:221 清理文档${标记} 清理前:${hottest.price}
14:36:08.629 DEBUG com.slzs.word.process.MarkAnalyzer:242 清理文档${标记} 清理后:
14:36:08.630 DEBUG com.slzs.word.process.MarkAnalyzer:221 清理文档${标记} 清理前:
14:36:08.631 DEBUG com.slzs.word.process.MarkAnalyzer:242 清理文档${标记} 清理后:
14:36:08.632 DEBUG com.slzs.word.process.MarkAnalyzer:221 清理文档${标记} 清理前:
14:36:08.632 DEBUG com.slzs.word.process.MarkAnalyzer:242 清理文档${标记} 清理后:
14:36:08.633 DEBUG com.slzs.word.process.MarkAnalyzer:221 清理文档${标记} 清理前:${hottest:rows}
14:36:08.634 DEBUG com.slzs.word.process.MarkAnalyzer:242 清理文档${标记} 清理后:
14:36:08.635 DEBUG com.slzs.word.process.MarkAnalyzer:221 清理文档${标记} 清理前:
14:36:08.635 DEBUG com.slzs.word.process.MarkAnalyzer:242 清理文档${标记} 清理后:
14:36:08.636 DEBUG com.slzs.word.process.MarkAnalyzer:221 清理文档${标记} 清理前:
14:36:08.636 DEBUG com.slzs.word.process.MarkAnalyzer:242 清理文档${标记} 清理后:
14:36:08.638 DEBUG com.slzs.word.process.MarkAnalyzer:221 清理文档${标记} 清理前:${hottest.price}
14:36:08.638 DEBUG com.slzs.word.process.MarkAnalyzer:242 清理文档${标记} 清理后:
14:36:08.639 DEBUG com.slzs.word.process.MarkAnalyzer:221 清理文档${标记} 清理前:
14:36:08.639 DEBUG com.slzs.word.process.MarkAnalyzer:242 清理文档${标记} 清理后:
14:36:08.640 DEBUG com.slzs.word.process.MarkAnalyzer:221 清理文档${标记} 清理前:
14:36:08.641 DEBUG com.slzs.word.process.MarkAnalyzer:242 清理文档${标记} 清理后:
14:36:26.783 ERROR com.slzs.word.WordFactory:183 
org.apache.xmlbeans.impl.values.XmlValueDisconnectedException: null
	at org.apache.xmlbeans.impl.values.XmlObjectBase.check_orphaned(XmlObjectBase.java:1258) ~[xmlbeans-2.6.0.jar:?]
	at org.apache.xmlbeans.impl.values.XmlObjectBase.newCursor(XmlObjectBase.java:286) ~[xmlbeans-2.6.0.jar:?]
	at org.apache.xmlbeans.impl.values.XmlObjectBase.newCursorForce(XmlObjectBase.java:247) ~[xmlbeans-2.6.0.jar:?]
	at org.apache.xmlbeans.impl.values.XmlObjectBase.getDomNode(XmlObjectBase.java:208) ~[xmlbeans-2.6.0.jar:?]
	at org.apache.poi.xwpf.usermodel.XWPFParagraph.isEmpty(XWPFParagraph.java:174) ~[poi-ooxml-3.16.jar:3.16]
	at com.slzs.word.process.UBBAnalyzer.analysis(UBBAnalyzer.java:64) ~[classes/:?]
	at com.slzs.word.process.UBBAnalyzer.analysis(UBBAnalyzer.java:88) ~[classes/:?]
	at com.slzs.word.process.UBBAnalyzer.analysis(UBBAnalyzer.java:68) ~[classes/:?]
	at com.slzs.word.process.UBBAnalyzer.analysis(UBBAnalyzer.java:51) ~[classes/:?]
	at com.slzs.word.process.MarkAnalyzer.ubbAnalysis(MarkAnalyzer.java:263) ~[classes/:?]
	at com.slzs.word.WordFactory.reportLaunch(WordFactory.java:168) [classes/:?]
	at com.slzs.word.WordFactory.reportByTemplate(WordFactory.java:92) [classes/:?]
	at com.slzs.word.WordUtilTest.hottest(WordUtilTest.java:252) [test-classes/:?]
	at sun.reflect.NativeMethodAccessorImpl.invoke0(Native Method) ~[?:1.8.0_121]
	at sun.reflect.NativeMethodAccessorImpl.invoke(NativeMethodAccessorImpl.java:62) ~[?:1.8.0_121]
	at sun.reflect.DelegatingMethodAccessorImpl.invoke(DelegatingMethodAccessorImpl.java:43) ~[?:1.8.0_121]
	at java.lang.reflect.Method.invoke(Method.java:498) ~[?:1.8.0_121]
	at org.junit.runners.model.FrameworkMethod$1.runReflectiveCall(FrameworkMethod.java:50) [junit-4.12.jar:4.12]
	at org.junit.internal.runners.model.ReflectiveCallable.run(ReflectiveCallable.java:12) [junit-4.12.jar:4.12]
	at org.junit.runners.model.FrameworkMethod.invokeExplosively(FrameworkMethod.java:47) [junit-4.12.jar:4.12]
	at org.junit.internal.runners.statements.InvokeMethod.evaluate(InvokeMethod.java:17) [junit-4.12.jar:4.12]
	at org.junit.runners.ParentRunner.runLeaf(ParentRunner.java:325) [junit-4.12.jar:4.12]
	at org.junit.runners.BlockJUnit4ClassRunner.runChild(BlockJUnit4ClassRunner.java:78) [junit-4.12.jar:4.12]
	at org.junit.runners.BlockJUnit4ClassRunner.runChild(BlockJUnit4ClassRunner.java:57) [junit-4.12.jar:4.12]
	at org.junit.runners.ParentRunner$3.run(ParentRunner.java:290) [junit-4.12.jar:4.12]
	at org.junit.runners.ParentRunner$1.schedule(ParentRunner.java:71) [junit-4.12.jar:4.12]
	at org.junit.runners.ParentRunner.runChildren(ParentRunner.java:288) [junit-4.12.jar:4.12]
	at org.junit.runners.ParentRunner.access$000(ParentRunner.java:58) [junit-4.12.jar:4.12]
	at org.junit.runners.ParentRunner$2.evaluate(ParentRunner.java:268) [junit-4.12.jar:4.12]
	at org.junit.runners.ParentRunner.run(ParentRunner.java:363) [junit-4.12.jar:4.12]
	at org.eclipse.jdt.internal.junit4.runner.JUnit4TestReference.run(JUnit4TestReference.java:86) [.cp/:?]
	at org.eclipse.jdt.internal.junit.runner.TestExecution.run(TestExecution.java:38) [.cp/:?]
	at org.eclipse.jdt.internal.junit.runner.RemoteTestRunner.runTests(RemoteTestRunner.java:459) [.cp/:?]
	at org.eclipse.jdt.internal.junit.runner.RemoteTestRunner.runTests(RemoteTestRunner.java:678) [.cp/:?]
	at org.eclipse.jdt.internal.junit.runner.RemoteTestRunner.run(RemoteTestRunner.java:382) [.cp/:?]
	at org.eclipse.jdt.internal.junit.runner.RemoteTestRunner.main(RemoteTestRunner.java:192) [.cp/:?]
14:36:26.811 INFO com.slzs.word.WordFactory:204 word处理失败...耗时：1.49368065E12s
14:37:04.805 INFO com.slzs.word.WordFactory:223 加载Word模板....
14:37:05.839 INFO com.slzs.word.WordFactory:236 clone WordTmplate to ByteArrayOutputStream..
14:37:06.100 DEBUG com.slzs.word.process.MarkAnalyzer:52 梳理文档${标记}开始...
14:37:06.106 DEBUG com.slzs.word.process.MarkAnalyzer:72 梳理文档${标记}结束...
14:37:06.108 INFO com.slzs.word.WordFactory:153 开始填充段落标记数据....
14:37:06.247 DEBUG com.slzs.word.process.MarkAnalyzer:221 清理文档${标记} 清理前:${hottest:rows}
14:37:06.248 DEBUG com.slzs.word.process.MarkAnalyzer:242 清理文档${标记} 清理后:
14:37:06.249 DEBUG com.slzs.word.process.MarkAnalyzer:221 清理文档${标记} 清理前:
14:37:06.249 DEBUG com.slzs.word.process.MarkAnalyzer:242 清理文档${标记} 清理后:
14:37:06.250 DEBUG com.slzs.word.process.MarkAnalyzer:221 清理文档${标记} 清理前:
14:37:06.251 DEBUG com.slzs.word.process.MarkAnalyzer:242 清理文档${标记} 清理后:
14:37:06.252 DEBUG com.slzs.word.process.MarkAnalyzer:221 清理文档${标记} 清理前:${hottest.price}
14:37:06.252 DEBUG com.slzs.word.process.MarkAnalyzer:242 清理文档${标记} 清理后:
14:37:06.253 DEBUG com.slzs.word.process.MarkAnalyzer:221 清理文档${标记} 清理前:
14:37:06.254 DEBUG com.slzs.word.process.MarkAnalyzer:242 清理文档${标记} 清理后:
14:37:06.254 DEBUG com.slzs.word.process.MarkAnalyzer:221 清理文档${标记} 清理前:
14:37:06.255 DEBUG com.slzs.word.process.MarkAnalyzer:242 清理文档${标记} 清理后:
14:37:06.256 DEBUG com.slzs.word.process.MarkAnalyzer:221 清理文档${标记} 清理前:${hottest:rows}
14:37:06.257 DEBUG com.slzs.word.process.MarkAnalyzer:242 清理文档${标记} 清理后:
14:37:06.257 DEBUG com.slzs.word.process.MarkAnalyzer:221 清理文档${标记} 清理前:
14:37:06.258 DEBUG com.slzs.word.process.MarkAnalyzer:242 清理文档${标记} 清理后:
14:37:06.258 DEBUG com.slzs.word.process.MarkAnalyzer:221 清理文档${标记} 清理前:
14:37:06.259 DEBUG com.slzs.word.process.MarkAnalyzer:242 清理文档${标记} 清理后:
14:37:06.260 DEBUG com.slzs.word.process.MarkAnalyzer:221 清理文档${标记} 清理前:${hottest.price}
14:37:06.261 DEBUG com.slzs.word.process.MarkAnalyzer:242 清理文档${标记} 清理后:
14:37:06.261 DEBUG com.slzs.word.process.MarkAnalyzer:221 清理文档${标记} 清理前:
14:37:06.262 DEBUG com.slzs.word.process.MarkAnalyzer:242 清理文档${标记} 清理后:
14:37:06.262 DEBUG com.slzs.word.process.MarkAnalyzer:221 清理文档${标记} 清理前:
14:37:06.263 DEBUG com.slzs.word.process.MarkAnalyzer:242 清理文档${标记} 清理后:
14:37:06.263 DEBUG com.slzs.word.process.MarkAnalyzer:221 清理文档${标记} 清理前:${hottest:rows}
14:37:06.264 DEBUG com.slzs.word.process.MarkAnalyzer:242 清理文档${标记} 清理后:
14:37:06.264 DEBUG com.slzs.word.process.MarkAnalyzer:221 清理文档${标记} 清理前:
14:37:06.264 DEBUG com.slzs.word.process.MarkAnalyzer:242 清理文档${标记} 清理后:
14:37:06.265 DEBUG com.slzs.word.process.MarkAnalyzer:221 清理文档${标记} 清理前:
14:37:06.265 DEBUG com.slzs.word.process.MarkAnalyzer:242 清理文档${标记} 清理后:
14:37:06.266 DEBUG com.slzs.word.process.MarkAnalyzer:221 清理文档${标记} 清理前:${hottest.price}
14:37:06.267 DEBUG com.slzs.word.process.MarkAnalyzer:242 清理文档${标记} 清理后:
14:37:06.267 DEBUG com.slzs.word.process.MarkAnalyzer:221 清理文档${标记} 清理前:
14:37:06.268 DEBUG com.slzs.word.process.MarkAnalyzer:242 清理文档${标记} 清理后:
14:37:06.269 DEBUG com.slzs.word.process.MarkAnalyzer:221 清理文档${标记} 清理前:
14:37:06.269 DEBUG com.slzs.word.process.MarkAnalyzer:242 清理文档${标记} 清理后:
14:39:27.163 ERROR com.slzs.word.WordFactory:183 
org.apache.xmlbeans.impl.values.XmlValueDisconnectedException: null
	at org.apache.xmlbeans.impl.values.XmlObjectBase.check_orphaned(XmlObjectBase.java:1258) ~[xmlbeans-2.6.0.jar:?]
	at org.apache.xmlbeans.impl.values.XmlObjectBase.newCursor(XmlObjectBase.java:286) ~[xmlbeans-2.6.0.jar:?]
	at org.apache.xmlbeans.impl.values.XmlObjectBase.newCursorForce(XmlObjectBase.java:247) ~[xmlbeans-2.6.0.jar:?]
	at org.apache.xmlbeans.impl.values.XmlObjectBase.getDomNode(XmlObjectBase.java:208) ~[xmlbeans-2.6.0.jar:?]
	at org.apache.poi.xwpf.usermodel.XWPFParagraph.isEmpty(XWPFParagraph.java:174) ~[poi-ooxml-3.16.jar:3.16]
	at com.slzs.word.process.UBBAnalyzer.analysis(UBBAnalyzer.java:64) ~[classes/:?]
	at com.slzs.word.process.UBBAnalyzer.analysis(UBBAnalyzer.java:88) ~[classes/:?]
	at com.slzs.word.process.UBBAnalyzer.analysis(UBBAnalyzer.java:68) ~[classes/:?]
	at com.slzs.word.process.UBBAnalyzer.analysis(UBBAnalyzer.java:51) ~[classes/:?]
	at com.slzs.word.process.MarkAnalyzer.ubbAnalysis(MarkAnalyzer.java:263) ~[classes/:?]
	at com.slzs.word.WordFactory.reportLaunch(WordFactory.java:168) [classes/:?]
	at com.slzs.word.WordFactory.reportByTemplate(WordFactory.java:92) [classes/:?]
	at com.slzs.word.WordUtilTest.hottest(WordUtilTest.java:252) [test-classes/:?]
	at sun.reflect.NativeMethodAccessorImpl.invoke0(Native Method) ~[?:1.8.0_121]
	at sun.reflect.NativeMethodAccessorImpl.invoke(NativeMethodAccessorImpl.java:62) ~[?:1.8.0_121]
	at sun.reflect.DelegatingMethodAccessorImpl.invoke(DelegatingMethodAccessorImpl.java:43) ~[?:1.8.0_121]
	at java.lang.reflect.Method.invoke(Method.java:498) ~[?:1.8.0_121]
	at org.junit.runners.model.FrameworkMethod$1.runReflectiveCall(FrameworkMethod.java:50) [junit-4.12.jar:4.12]
	at org.junit.internal.runners.model.ReflectiveCallable.run(ReflectiveCallable.java:12) [junit-4.12.jar:4.12]
	at org.junit.runners.model.FrameworkMethod.invokeExplosively(FrameworkMethod.java:47) [junit-4.12.jar:4.12]
	at org.junit.internal.runners.statements.InvokeMethod.evaluate(InvokeMethod.java:17) [junit-4.12.jar:4.12]
	at org.junit.runners.ParentRunner.runLeaf(ParentRunner.java:325) [junit-4.12.jar:4.12]
	at org.junit.runners.BlockJUnit4ClassRunner.runChild(BlockJUnit4ClassRunner.java:78) [junit-4.12.jar:4.12]
	at org.junit.runners.BlockJUnit4ClassRunner.runChild(BlockJUnit4ClassRunner.java:57) [junit-4.12.jar:4.12]
	at org.junit.runners.ParentRunner$3.run(ParentRunner.java:290) [junit-4.12.jar:4.12]
	at org.junit.runners.ParentRunner$1.schedule(ParentRunner.java:71) [junit-4.12.jar:4.12]
	at org.junit.runners.ParentRunner.runChildren(ParentRunner.java:288) [junit-4.12.jar:4.12]
	at org.junit.runners.ParentRunner.access$000(ParentRunner.java:58) [junit-4.12.jar:4.12]
	at org.junit.runners.ParentRunner$2.evaluate(ParentRunner.java:268) [junit-4.12.jar:4.12]
	at org.junit.runners.ParentRunner.run(ParentRunner.java:363) [junit-4.12.jar:4.12]
	at org.eclipse.jdt.internal.junit4.runner.JUnit4TestReference.run(JUnit4TestReference.java:86) [.cp/:?]
	at org.eclipse.jdt.internal.junit.runner.TestExecution.run(TestExecution.java:38) [.cp/:?]
	at org.eclipse.jdt.internal.junit.runner.RemoteTestRunner.runTests(RemoteTestRunner.java:459) [.cp/:?]
	at org.eclipse.jdt.internal.junit.runner.RemoteTestRunner.runTests(RemoteTestRunner.java:678) [.cp/:?]
	at org.eclipse.jdt.internal.junit.runner.RemoteTestRunner.run(RemoteTestRunner.java:382) [.cp/:?]
	at org.eclipse.jdt.internal.junit.runner.RemoteTestRunner.main(RemoteTestRunner.java:192) [.cp/:?]
14:39:27.196 INFO com.slzs.word.WordFactory:204 word处理失败...耗时：1.49368078E12s
14:40:03.164 INFO com.slzs.word.WordFactory:223 加载Word模板....
14:40:03.936 INFO com.slzs.word.WordFactory:236 clone WordTmplate to ByteArrayOutputStream..
14:40:04.245 DEBUG com.slzs.word.process.MarkAnalyzer:52 梳理文档${标记}开始...
14:40:04.251 DEBUG com.slzs.word.process.MarkAnalyzer:72 梳理文档${标记}结束...
14:40:04.252 INFO com.slzs.word.WordFactory:153 开始填充段落标记数据....
14:40:04.383 DEBUG com.slzs.word.process.MarkAnalyzer:221 清理文档${标记} 清理前:${hottest:rows}
14:40:04.384 DEBUG com.slzs.word.process.MarkAnalyzer:242 清理文档${标记} 清理后:
14:40:04.385 DEBUG com.slzs.word.process.MarkAnalyzer:221 清理文档${标记} 清理前:
14:40:04.385 DEBUG com.slzs.word.process.MarkAnalyzer:242 清理文档${标记} 清理后:
14:40:04.386 DEBUG com.slzs.word.process.MarkAnalyzer:221 清理文档${标记} 清理前:
14:40:04.387 DEBUG com.slzs.word.process.MarkAnalyzer:242 清理文档${标记} 清理后:
14:40:04.388 DEBUG com.slzs.word.process.MarkAnalyzer:221 清理文档${标记} 清理前:${hottest.price}
14:40:04.389 DEBUG com.slzs.word.process.MarkAnalyzer:242 清理文档${标记} 清理后:
14:40:04.389 DEBUG com.slzs.word.process.MarkAnalyzer:221 清理文档${标记} 清理前:
14:40:04.390 DEBUG com.slzs.word.process.MarkAnalyzer:242 清理文档${标记} 清理后:
14:40:04.390 DEBUG com.slzs.word.process.MarkAnalyzer:221 清理文档${标记} 清理前:
14:40:04.391 DEBUG com.slzs.word.process.MarkAnalyzer:242 清理文档${标记} 清理后:
14:40:04.392 DEBUG com.slzs.word.process.MarkAnalyzer:221 清理文档${标记} 清理前:${hottest:rows}
14:40:04.393 DEBUG com.slzs.word.process.MarkAnalyzer:242 清理文档${标记} 清理后:
14:40:04.393 DEBUG com.slzs.word.process.MarkAnalyzer:221 清理文档${标记} 清理前:
14:40:04.394 DEBUG com.slzs.word.process.MarkAnalyzer:242 清理文档${标记} 清理后:
14:40:04.394 DEBUG com.slzs.word.process.MarkAnalyzer:221 清理文档${标记} 清理前:
14:40:04.395 DEBUG com.slzs.word.process.MarkAnalyzer:242 清理文档${标记} 清理后:
14:40:04.395 DEBUG com.slzs.word.process.MarkAnalyzer:221 清理文档${标记} 清理前:${hottest.price}
14:40:04.398 DEBUG com.slzs.word.process.MarkAnalyzer:242 清理文档${标记} 清理后:
14:40:04.399 DEBUG com.slzs.word.process.MarkAnalyzer:221 清理文档${标记} 清理前:
14:40:04.400 DEBUG com.slzs.word.process.MarkAnalyzer:242 清理文档${标记} 清理后:
14:40:04.400 DEBUG com.slzs.word.process.MarkAnalyzer:221 清理文档${标记} 清理前:
14:40:04.401 DEBUG com.slzs.word.process.MarkAnalyzer:242 清理文档${标记} 清理后:
14:40:04.401 DEBUG com.slzs.word.process.MarkAnalyzer:221 清理文档${标记} 清理前:${hottest:rows}
14:40:04.402 DEBUG com.slzs.word.process.MarkAnalyzer:242 清理文档${标记} 清理后:
14:40:04.403 DEBUG com.slzs.word.process.MarkAnalyzer:221 清理文档${标记} 清理前:
14:40:04.403 DEBUG com.slzs.word.process.MarkAnalyzer:242 清理文档${标记} 清理后:
14:40:04.404 DEBUG com.slzs.word.process.MarkAnalyzer:221 清理文档${标记} 清理前:
14:40:04.404 DEBUG com.slzs.word.process.MarkAnalyzer:242 清理文档${标记} 清理后:
14:40:04.405 DEBUG com.slzs.word.process.MarkAnalyzer:221 清理文档${标记} 清理前:${hottest.price}
14:40:04.406 DEBUG com.slzs.word.process.MarkAnalyzer:242 清理文档${标记} 清理后:
14:40:04.406 DEBUG com.slzs.word.process.MarkAnalyzer:221 清理文档${标记} 清理前:
14:40:04.407 DEBUG com.slzs.word.process.MarkAnalyzer:242 清理文档${标记} 清理后:
14:40:04.408 DEBUG com.slzs.word.process.MarkAnalyzer:221 清理文档${标记} 清理前:
14:40:04.408 DEBUG com.slzs.word.process.MarkAnalyzer:242 清理文档${标记} 清理后:
14:40:04.411 INFO com.slzs.word.WordFactory:171 创建Word文件：/E:/slzs/eclipse/ws/word-template/target/test-classes/report/hottest_794.docx
14:40:04.680 INFO com.slzs.word.WordFactory:204 word处理成功...耗时：1.49368091E12s
